

================================================================
== Vitis HLS Report for 'cfar_core'
================================================================
* Date:           Wed Mar 11 15:43:13 2026

* Version:        2025.2 (Build 6295257 on Nov 14 2025)
* Project:        cfar_core
* Solution:       hls (Vivado IP Flow Target)
* Product family: zynq
* Target device:  xc7z020-clg400-1


================================================================
== Performance Estimates
================================================================
+ Timing: 
    * Summary: 
    +--------+---------+----------+------------+
    |  Clock |  Target | Estimated| Uncertainty|
    +--------+---------+----------+------------+
    |ap_clk  |  6.67 ns|  4.640 ns|     1.80 ns|
    +--------+---------+----------+------------+

+ Latency: 
    * Summary: 
    +---------+---------+-----------+-----------+-----+-----+---------+
    |  Latency (cycles) |   Latency (absolute)  |  Interval | Pipeline|
    |   min   |   max   |    min    |    max    | min | max |   Type  |
    +---------+---------+-----------+-----------+-----+-----+---------+
    |        6|        6|  40.020 ns|  40.020 ns|    1|    1|      yes|
    +---------+---------+-----------+-----------+-----+-----+---------+

    + Detail: 
        * Instance: 
        N/A

        * Loop: 
        N/A



================================================================
== Utilization Estimates
================================================================
* Summary: 
+-----------------+---------+-----+--------+-------+-----+
|       Name      | BRAM_18K| DSP |   FF   |  LUT  | URAM|
+-----------------+---------+-----+--------+-------+-----+
|DSP              |        -|    -|       -|      -|    -|
|Expression       |        -|    -|       0|    492|    -|
|FIFO             |        -|    -|       -|      -|    -|
|Instance         |        0|    1|     125|     74|    -|
|Memory           |        -|    -|       -|      -|    -|
|Multiplexer      |        -|    -|       0|      9|    -|
|Register         |        -|    -|     829|    160|    -|
+-----------------+---------+-----+--------+-------+-----+
|Total            |        0|    1|     954|    735|    0|
+-----------------+---------+-----+--------+-------+-----+
|Available        |      280|  220|  106400|  53200|    0|
+-----------------+---------+-----+--------+-------+-----+
|Utilization (%)  |        0|   ~0|      ~0|      1|    0|
+-----------------+---------+-----+--------+-------+-----+

+ Detail: 
    * Instance: 
    +-----------------------+--------------------+---------+----+----+----+-----+
    |        Instance       |       Module       | BRAM_18K| DSP| FF | LUT| URAM|
    +-----------------------+--------------------+---------+----+----+----+-----+
    |CTRL_s_axi_U           |CTRL_s_axi          |        0|   0|  58|  72|    0|
    |mul_16s_16s_24_2_1_U1  |mul_16s_16s_24_2_1  |        0|   1|  67|   2|    0|
    +-----------------------+--------------------+---------+----+----+----+-----+
    |Total                  |                    |        0|   1| 125|  74|    0|
    +-----------------------+--------------------+---------+----+----+----+-----+

    * DSP: 
    N/A

    * Memory: 
    N/A

    * FIFO: 
    N/A

    * Expression: 
    +---------------------------------------+----------+----+---+----+------------+------------+
    |             Variable Name             | Operation| DSP| FF| LUT| Bitwidth P0| Bitwidth P1|
    +---------------------------------------+----------+----+---+----+------------+------------+
    |add_ln76_10_fu_844_p2                  |         +|   0|  0|  24|          17|          17|
    |add_ln76_11_fu_854_p2                  |         +|   0|  0|  24|          17|          17|
    |add_ln76_12_fu_864_p2                  |         +|   0|  0|  25|          18|          18|
    |add_ln76_13_fu_892_p2                  |         +|   0|  0|  26|          19|          19|
    |add_ln76_1_fu_776_p2                   |         +|   0|  0|  24|          17|          17|
    |add_ln76_2_fu_786_p2                   |         +|   0|  0|  25|          18|          18|
    |add_ln76_3_fu_792_p2                   |         +|   0|  0|  24|          17|          17|
    |add_ln76_4_fu_802_p2                   |         +|   0|  0|  24|          17|          17|
    |add_ln76_5_fu_812_p2                   |         +|   0|  0|  25|          18|          18|
    |add_ln76_6_fu_876_p2                   |         +|   0|  0|  26|          19|          19|
    |add_ln76_7_fu_818_p2                   |         +|   0|  0|  24|          17|          17|
    |add_ln76_8_fu_828_p2                   |         +|   0|  0|  24|          17|          17|
    |add_ln76_9_fu_838_p2                   |         +|   0|  0|  25|          18|          18|
    |add_ln76_fu_766_p2                     |         +|   0|  0|  24|          17|          17|
    |add_ln84_fu_902_p2                     |         +|   0|  0|  27|          20|          20|
    |sub_ln84_1_fu_949_p2                   |         -|   0|  0|  25|           1|          18|
    |sub_ln84_fu_933_p2                     |         -|   0|  0|  29|           1|          22|
    |ap_block_state6_pp0_stage0_iter5_grp1  |       and|   0|  0|   2|           1|           1|
    |ap_block_state7_pp0_stage0_iter6_grp1  |       and|   0|  0|   2|           1|           1|
    |empty_nbread_fu_190_p5_0               |       and|   0|  0|   2|           1|           0|
    |icmp_ln102_fu_994_p2                   |      icmp|   0|  0|  23|          16|          16|
    |ap_block_pp0_stage0_01001_grp1         |        or|   0|  0|   2|           1|           1|
    |ap_block_pp0_stage0_11001              |        or|   0|  0|   2|           1|           1|
    |noise_level_fu_965_p3                  |    select|   0|  0|  16|           1|          16|
    |out_stream_TDATA_int_regslice          |    select|   0|  0|  16|           1|          16|
    |ap_enable_pp0                          |       xor|   0|  0|   2|           1|           2|
    +---------------------------------------+----------+----+---+----+------------+------------+
    |Total                                  |          |   0|  0| 492|         292|         360|
    +---------------------------------------+----------+----+---+----+------------+------------+

    * Multiplexer: 
    +------------------------+----+-----------+-----+-----------+
    |          Name          | LUT| Input Size| Bits| Total Bits|
    +------------------------+----+-----------+-----+-----------+
    |out_stream_TDATA_blk_n  |   9|          2|    1|          2|
    +------------------------+----+-----------+-----+-----------+
    |Total                   |   9|          2|    1|          2|
    +------------------------+----+-----------+-----+-----------+

    * Register: 
    +-------------------------------------------------------------------+----+----+-----+-----------+
    |                                Name                               | FF | LUT| Bits| Const Bits|
    +-------------------------------------------------------------------+----+----+-----+-----------+
    |add_ln76_12_reg_1046                                               |  18|   0|   18|          0|
    |add_ln76_2_reg_1031                                                |  18|   0|   18|          0|
    |add_ln76_5_reg_1036                                                |  18|   0|   18|          0|
    |add_ln76_9_reg_1041                                                |  18|   0|   18|          0|
    |add_ln84_reg_1051                                                  |  20|   0|   20|          0|
    |ap_CS_fsm                                                          |   1|   0|    1|          0|
    |ap_block_pp0_stage0_subdone_grp1_done_reg                          |   1|   0|    1|          0|
    |ap_block_pp0_stage0_subdone_grp1_done_reg_iter0                    |   1|   0|    1|          0|
    |ap_enable_reg_pp0_iter1                                            |   1|   0|    1|          0|
    |ap_enable_reg_pp0_iter2                                            |   1|   0|    1|          0|
    |ap_enable_reg_pp0_iter3                                            |   1|   0|    1|          0|
    |ap_enable_reg_pp0_iter4                                            |   1|   0|    1|          0|
    |ap_enable_reg_pp0_iter5                                            |   1|   0|    1|          0|
    |ap_enable_reg_pp0_iter6                                            |   1|   0|    1|          0|
    |cfar_core_stream_stream_axis_0_ap_fixed_16_8_5_3_0_window_data_0   |  16|   0|   16|          0|
    |cfar_core_stream_stream_axis_0_ap_fixed_16_8_5_3_0_window_data_1   |  16|   0|   16|          0|
    |cfar_core_stream_stream_axis_0_ap_fixed_16_8_5_3_0_window_data_10  |  16|   0|   16|          0|
    |cfar_core_stream_stream_axis_0_ap_fixed_16_8_5_3_0_window_data_11  |  16|   0|   16|          0|
    |cfar_core_stream_stream_axis_0_ap_fixed_16_8_5_3_0_window_data_12  |  16|   0|   16|          0|
    |cfar_core_stream_stream_axis_0_ap_fixed_16_8_5_3_0_window_data_13  |  16|   0|   16|          0|
    |cfar_core_stream_stream_axis_0_ap_fixed_16_8_5_3_0_window_data_14  |  16|   0|   16|          0|
    |cfar_core_stream_stream_axis_0_ap_fixed_16_8_5_3_0_window_data_15  |  16|   0|   16|          0|
    |cfar_core_stream_stream_axis_0_ap_fixed_16_8_5_3_0_window_data_16  |  16|   0|   16|          0|
    |cfar_core_stream_stream_axis_0_ap_fixed_16_8_5_3_0_window_data_17  |  16|   0|   16|          0|
    |cfar_core_stream_stream_axis_0_ap_fixed_16_8_5_3_0_window_data_18  |  16|   0|   16|          0|
    |cfar_core_stream_stream_axis_0_ap_fixed_16_8_5_3_0_window_data_19  |  16|   0|   16|          0|
    |cfar_core_stream_stream_axis_0_ap_fixed_16_8_5_3_0_window_data_2   |  16|   0|   16|          0|
    |cfar_core_stream_stream_axis_0_ap_fixed_16_8_5_3_0_window_data_3   |  16|   0|   16|          0|
    |cfar_core_stream_stream_axis_0_ap_fixed_16_8_5_3_0_window_data_4   |  16|   0|   16|          0|
    |cfar_core_stream_stream_axis_0_ap_fixed_16_8_5_3_0_window_data_5   |  16|   0|   16|          0|
    |cfar_core_stream_stream_axis_0_ap_fixed_16_8_5_3_0_window_data_6   |  16|   0|   16|          0|
    |cfar_core_stream_stream_axis_0_ap_fixed_16_8_5_3_0_window_data_7   |  16|   0|   16|          0|
    |cfar_core_stream_stream_axis_0_ap_fixed_16_8_5_3_0_window_data_8   |  16|   0|   16|          0|
    |cfar_core_stream_stream_axis_0_ap_fixed_16_8_5_3_0_window_data_9   |  16|   0|   16|          0|
    |cut_val_reg_1025                                                   |  16|   0|   16|          0|
    |input_sample_keep_reg_1010                                         |   2|   0|    2|          0|
    |input_sample_last_reg_1020                                         |   1|   0|    1|          0|
    |input_sample_strb_reg_1015                                         |   2|   0|    2|          0|
    |p_vld_reg_1006                                                     |   1|   0|    1|          0|
    |threshold_val_reg_1081                                             |  16|   0|   16|          0|
    |tmp_1_reg_1061                                                     |  16|   0|   16|          0|
    |tmp_1_reg_1061_pp0_iter2_reg                                       |  16|   0|   16|          0|
    |tmp_2_reg_1056                                                     |   1|   0|    1|          0|
    |tmp_2_reg_1056_pp0_iter2_reg                                       |   1|   0|    1|          0|
    |tmp_reg_1066                                                       |  16|   0|   16|          0|
    |cut_val_reg_1025                                                   |  64|  32|   16|          0|
    |input_sample_keep_reg_1010                                         |  64|  32|    2|          0|
    |input_sample_last_reg_1020                                         |  64|  32|    1|          0|
    |input_sample_strb_reg_1015                                         |  64|  32|    2|          0|
    |p_vld_reg_1006                                                     |  64|  32|    1|          0|
    +-------------------------------------------------------------------+----+----+-----+-----------+
    |Total                                                              | 829| 160|  531|          0|
    +-------------------------------------------------------------------+----+----+-----+-----------+



================================================================
== Interface
================================================================
* Summary: 
+--------------------+-----+-----+------------+---------------------+--------------+
|      RTL Ports     | Dir | Bits|  Protocol  |    Source Object    |    C Type    |
+--------------------+-----+-----+------------+---------------------+--------------+
|s_axi_CTRL_AWVALID  |   in|    1|       s_axi|                 CTRL|        scalar|
|s_axi_CTRL_AWREADY  |  out|    1|       s_axi|                 CTRL|        scalar|
|s_axi_CTRL_AWADDR   |   in|    5|       s_axi|                 CTRL|        scalar|
|s_axi_CTRL_WVALID   |   in|    1|       s_axi|                 CTRL|        scalar|
|s_axi_CTRL_WREADY   |  out|    1|       s_axi|                 CTRL|        scalar|
|s_axi_CTRL_WDATA    |   in|   32|       s_axi|                 CTRL|        scalar|
|s_axi_CTRL_WSTRB    |   in|    4|       s_axi|                 CTRL|        scalar|
|s_axi_CTRL_ARVALID  |   in|    1|       s_axi|                 CTRL|        scalar|
|s_axi_CTRL_ARREADY  |  out|    1|       s_axi|                 CTRL|        scalar|
|s_axi_CTRL_ARADDR   |   in|    5|       s_axi|                 CTRL|        scalar|
|s_axi_CTRL_RVALID   |  out|    1|       s_axi|                 CTRL|        scalar|
|s_axi_CTRL_RREADY   |   in|    1|       s_axi|                 CTRL|        scalar|
|s_axi_CTRL_RDATA    |  out|   32|       s_axi|                 CTRL|        scalar|
|s_axi_CTRL_RRESP    |  out|    2|       s_axi|                 CTRL|        scalar|
|s_axi_CTRL_BVALID   |  out|    1|       s_axi|                 CTRL|        scalar|
|s_axi_CTRL_BREADY   |   in|    1|       s_axi|                 CTRL|        scalar|
|s_axi_CTRL_BRESP    |  out|    2|       s_axi|                 CTRL|        scalar|
|ap_clk              |   in|    1|  ap_ctrl_hs|            cfar_core|  return value|
|ap_rst_n            |   in|    1|  ap_ctrl_hs|            cfar_core|  return value|
|interrupt           |  out|    1|  ap_ctrl_hs|            cfar_core|  return value|
|out_stream_TREADY   |   in|    1|        axis|  out_stream_V_last_V|       pointer|
|out_stream_TVALID   |  out|    1|        axis|  out_stream_V_last_V|       pointer|
|out_stream_TLAST    |  out|    1|        axis|  out_stream_V_last_V|       pointer|
|in_stream_TDATA     |   in|   16|        axis|   in_stream_V_data_V|       pointer|
|in_stream_TVALID    |   in|    1|        axis|   in_stream_V_last_V|       pointer|
|in_stream_TREADY    |  out|    1|        axis|   in_stream_V_last_V|       pointer|
|in_stream_TLAST     |   in|    1|        axis|   in_stream_V_last_V|       pointer|
|in_stream_TKEEP     |   in|    2|        axis|   in_stream_V_keep_V|       pointer|
|in_stream_TSTRB     |   in|    2|        axis|   in_stream_V_strb_V|       pointer|
|out_stream_TDATA    |  out|   16|        axis|  out_stream_V_data_V|       pointer|
|out_stream_TKEEP    |  out|    2|        axis|  out_stream_V_keep_V|       pointer|
|out_stream_TSTRB    |  out|    2|        axis|  out_stream_V_strb_V|       pointer|
+--------------------+-----+-----+------------+---------------------+--------------+

