

================================================================
== Vitis HLS Report for 'cfar_core'
================================================================
* Date:           Wed Mar 11 15:43:11 2026

* Version:        2025.2 (Build 6295257 on Nov 14 2025)
* Project:        cfar_core
* Solution:       hls (Vivado IP Flow Target)
* Product family: zynq
* Target device:  xc7z020-clg400-1


================================================================
== Performance Estimates
================================================================
+ Timing: 
    * Summary: 
    +--------+---------+----------+------------+
    |  Clock |  Target | Estimated| Uncertainty|
    +--------+---------+----------+------------+
    |ap_clk  |  6.67 ns|  4.640 ns|     1.80 ns|
    +--------+---------+----------+------------+

+ Latency: 
    * Summary: 
    +---------+---------+-----------+-----------+-----+-----+---------+
    |  Latency (cycles) |   Latency (absolute)  |  Interval | Pipeline|
    |   min   |   max   |    min    |    max    | min | max |   Type  |
    +---------+---------+-----------+-----------+-----+-----+---------+
    |        6|        6|  40.020 ns|  40.020 ns|    1|    1|      yes|
    +---------+---------+-----------+-----------+-----+-----+---------+

    + Detail: 
        * Instance: 
        N/A

        * Loop: 
        N/A

============================================================
+ Verbose Summary: Synthesis Manager
============================================================
InlineROM: 1
ExposeGlobal: 0
============================================================
+ Verbose Summary: CDFG Model
============================================================
IsTopModel: 1
ResetActiveHigh: 1
IsCombinational: 0
IsDatapathOnly: 0
HasWiredReturn: 1
HasMFsm: 2
HasVarLatency: 0
IsPipeline: 1
IsRtlPipelined: 1
IsInstanceOverlapped: 0
IsDontTouch: 0
HasImplIP: 0
IsGatedGlobalClock: 0

+ Individual pipeline summary: 
  * Pipeline-0: initiation interval (II) = 1, depth = 7


============================================================
+ Verbose Summary: Schedule
============================================================
* Number of FSM states : 7
* Pipeline : 1
  Pipeline-0 : II = 1, D = 7, States = { 1 2 3 4 5 6 7 }
* Dataflow Pipeline: 0

* FSM state transitions: 
1 --> 2 
2 --> 3 
3 --> 4 
4 --> 5 
5 --> 6 
6 --> 7 
7 --> 

* FSM state operations: 

State 1 <SV = 0> <Delay = 4.63>
ST_1 : Operation 8 [1/1] ( I:0.45ns O:0.45ns )   --->   "%empty = nbread i22 @_ssdm_op_NbRead.axis.volatile.i16P0A.i2P0A.i2P0A.i1P0A, i16 %in_stream_V_data_V, i2 %in_stream_V_keep_V, i2 %in_stream_V_strb_V, i1 %in_stream_V_last_V" [../cfar.cpp:48]   --->   Operation 8 'nbread' 'empty' <Predicate = true> <Delay = 0.45> <CoreInst = "regslice">   --->   Core 135 'regslice' <Latency = 0> <II = 1> <Delay = 1.87> <Adapter> <Opcode : 'read' 'write'>
ST_1 : Operation 9 [1/1] (0.00ns)   --->   "%p_vld = extractvalue i22 %empty" [../cfar.cpp:48]   --->   Operation 9 'extractvalue' 'p_vld' <Predicate = true> <Delay = 0.00>
ST_1 : Operation 10 [1/1] (0.00ns)   --->   "%input_sample_data = extractvalue i22 %empty" [../cfar.cpp:48]   --->   Operation 10 'extractvalue' 'input_sample_data' <Predicate = true> <Delay = 0.00>
ST_1 : Operation 11 [1/1] (0.00ns)   --->   "%input_sample_keep = extractvalue i22 %empty" [../cfar.cpp:48]   --->   Operation 11 'extractvalue' 'input_sample_keep' <Predicate = true> <Delay = 0.00>
ST_1 : Operation 12 [1/1] (0.00ns)   --->   "%input_sample_strb = extractvalue i22 %empty" [../cfar.cpp:48]   --->   Operation 12 'extractvalue' 'input_sample_strb' <Predicate = true> <Delay = 0.00>
ST_1 : Operation 13 [1/1] (0.00ns)   --->   "%input_sample_last = extractvalue i22 %empty" [../cfar.cpp:48]   --->   Operation 13 'extractvalue' 'input_sample_last' <Predicate = true> <Delay = 0.00>
ST_1 : Operation 14 [1/1] (0.00ns)   --->   "%br_ln48 = br i1 %p_vld, void %if.end28, void %for.inc" [../cfar.cpp:48]   --->   Operation 14 'br' 'br_ln48' <Predicate = true> <Delay = 0.00>
ST_1 : Operation 15 [1/1] (0.00ns)   --->   "%cfar_core_stream_stream_axis_0_ap_fixed_16_8_5_3_0_window_data_19_load = load i16 %cfar_core_stream_stream_axis_0_ap_fixed_16_8_5_3_0_window_data_19" [../cfar.cpp:56]   --->   Operation 15 'load' 'cfar_core_stream_stream_axis_0_ap_fixed_16_8_5_3_0_window_data_19_load' <Predicate = (p_vld)> <Delay = 0.00>
ST_1 : Operation 16 [1/1] (0.00ns)   --->   "%cfar_core_stream_stream_axis_0_ap_fixed_16_8_5_3_0_window_data_18_load = load i16 %cfar_core_stream_stream_axis_0_ap_fixed_16_8_5_3_0_window_data_18" [../cfar.cpp:56]   --->   Operation 16 'load' 'cfar_core_stream_stream_axis_0_ap_fixed_16_8_5_3_0_window_data_18_load' <Predicate = (p_vld)> <Delay = 0.00>
ST_1 : Operation 17 [1/1] (0.00ns)   --->   "%cfar_core_stream_stream_axis_0_ap_fixed_16_8_5_3_0_window_data_17_load = load i16 %cfar_core_stream_stream_axis_0_ap_fixed_16_8_5_3_0_window_data_17" [../cfar.cpp:56]   --->   Operation 17 'load' 'cfar_core_stream_stream_axis_0_ap_fixed_16_8_5_3_0_window_data_17_load' <Predicate = (p_vld)> <Delay = 0.00>
ST_1 : Operation 18 [1/1] (0.00ns)   --->   "%cfar_core_stream_stream_axis_0_ap_fixed_16_8_5_3_0_window_data_16_load = load i16 %cfar_core_stream_stream_axis_0_ap_fixed_16_8_5_3_0_window_data_16" [../cfar.cpp:56]   --->   Operation 18 'load' 'cfar_core_stream_stream_axis_0_ap_fixed_16_8_5_3_0_window_data_16_load' <Predicate = (p_vld)> <Delay = 0.00>
ST_1 : Operation 19 [1/1] (0.00ns)   --->   "%cfar_core_stream_stream_axis_0_ap_fixed_16_8_5_3_0_window_data_15_load = load i16 %cfar_core_stream_stream_axis_0_ap_fixed_16_8_5_3_0_window_data_15" [../cfar.cpp:56]   --->   Operation 19 'load' 'cfar_core_stream_stream_axis_0_ap_fixed_16_8_5_3_0_window_data_15_load' <Predicate = (p_vld)> <Delay = 0.00>
ST_1 : Operation 20 [1/1] (0.00ns)   --->   "%cfar_core_stream_stream_axis_0_ap_fixed_16_8_5_3_0_window_data_14_load = load i16 %cfar_core_stream_stream_axis_0_ap_fixed_16_8_5_3_0_window_data_14" [../cfar.cpp:56]   --->   Operation 20 'load' 'cfar_core_stream_stream_axis_0_ap_fixed_16_8_5_3_0_window_data_14_load' <Predicate = (p_vld)> <Delay = 0.00>
ST_1 : Operation 21 [1/1] (0.00ns)   --->   "%cfar_core_stream_stream_axis_0_ap_fixed_16_8_5_3_0_window_data_13_load = load i16 %cfar_core_stream_stream_axis_0_ap_fixed_16_8_5_3_0_window_data_13" [../cfar.cpp:56]   --->   Operation 21 'load' 'cfar_core_stream_stream_axis_0_ap_fixed_16_8_5_3_0_window_data_13_load' <Predicate = (p_vld)> <Delay = 0.00>
ST_1 : Operation 22 [1/1] (0.00ns)   --->   "%cfar_core_stream_stream_axis_0_ap_fixed_16_8_5_3_0_window_data_12_load = load i16 %cfar_core_stream_stream_axis_0_ap_fixed_16_8_5_3_0_window_data_12" [../cfar.cpp:56]   --->   Operation 22 'load' 'cfar_core_stream_stream_axis_0_ap_fixed_16_8_5_3_0_window_data_12_load' <Predicate = (p_vld)> <Delay = 0.00>
ST_1 : Operation 23 [1/1] (0.00ns)   --->   "%cfar_core_stream_stream_axis_0_ap_fixed_16_8_5_3_0_window_data_11_load = load i16 %cfar_core_stream_stream_axis_0_ap_fixed_16_8_5_3_0_window_data_11" [../cfar.cpp:56]   --->   Operation 23 'load' 'cfar_core_stream_stream_axis_0_ap_fixed_16_8_5_3_0_window_data_11_load' <Predicate = (p_vld)> <Delay = 0.00>
ST_1 : Operation 24 [1/1] (0.00ns)   --->   "%cfar_core_stream_stream_axis_0_ap_fixed_16_8_5_3_0_window_data_10_load = load i16 %cfar_core_stream_stream_axis_0_ap_fixed_16_8_5_3_0_window_data_10" [../cfar.cpp:56]   --->   Operation 24 'load' 'cfar_core_stream_stream_axis_0_ap_fixed_16_8_5_3_0_window_data_10_load' <Predicate = (p_vld)> <Delay = 0.00>
ST_1 : Operation 25 [1/1] (0.00ns)   --->   "%cut_val = load i16 %cfar_core_stream_stream_axis_0_ap_fixed_16_8_5_3_0_window_data_9" [../cfar.cpp:56]   --->   Operation 25 'load' 'cut_val' <Predicate = (p_vld)> <Delay = 0.00>
ST_1 : Operation 26 [1/1] (0.00ns)   --->   "%cfar_core_stream_stream_axis_0_ap_fixed_16_8_5_3_0_window_data_8_load = load i16 %cfar_core_stream_stream_axis_0_ap_fixed_16_8_5_3_0_window_data_8" [../cfar.cpp:56]   --->   Operation 26 'load' 'cfar_core_stream_stream_axis_0_ap_fixed_16_8_5_3_0_window_data_8_load' <Predicate = (p_vld)> <Delay = 0.00>
ST_1 : Operation 27 [1/1] (0.00ns)   --->   "%cfar_core_stream_stream_axis_0_ap_fixed_16_8_5_3_0_window_data_7_load = load i16 %cfar_core_stream_stream_axis_0_ap_fixed_16_8_5_3_0_window_data_7" [../cfar.cpp:56]   --->   Operation 27 'load' 'cfar_core_stream_stream_axis_0_ap_fixed_16_8_5_3_0_window_data_7_load' <Predicate = (p_vld)> <Delay = 0.00>
ST_1 : Operation 28 [1/1] (0.00ns)   --->   "%cfar_core_stream_stream_axis_0_ap_fixed_16_8_5_3_0_window_data_6_load = load i16 %cfar_core_stream_stream_axis_0_ap_fixed_16_8_5_3_0_window_data_6" [../cfar.cpp:56]   --->   Operation 28 'load' 'cfar_core_stream_stream_axis_0_ap_fixed_16_8_5_3_0_window_data_6_load' <Predicate = (p_vld)> <Delay = 0.00>
ST_1 : Operation 29 [1/1] (0.00ns)   --->   "%cfar_core_stream_stream_axis_0_ap_fixed_16_8_5_3_0_window_data_5_load = load i16 %cfar_core_stream_stream_axis_0_ap_fixed_16_8_5_3_0_window_data_5" [../cfar.cpp:56]   --->   Operation 29 'load' 'cfar_core_stream_stream_axis_0_ap_fixed_16_8_5_3_0_window_data_5_load' <Predicate = (p_vld)> <Delay = 0.00>
ST_1 : Operation 30 [1/1] (0.00ns)   --->   "%cfar_core_stream_stream_axis_0_ap_fixed_16_8_5_3_0_window_data_4_load = load i16 %cfar_core_stream_stream_axis_0_ap_fixed_16_8_5_3_0_window_data_4" [../cfar.cpp:56]   --->   Operation 30 'load' 'cfar_core_stream_stream_axis_0_ap_fixed_16_8_5_3_0_window_data_4_load' <Predicate = (p_vld)> <Delay = 0.00>
ST_1 : Operation 31 [1/1] (0.00ns)   --->   "%cfar_core_stream_stream_axis_0_ap_fixed_16_8_5_3_0_window_data_3_load = load i16 %cfar_core_stream_stream_axis_0_ap_fixed_16_8_5_3_0_window_data_3" [../cfar.cpp:56]   --->   Operation 31 'load' 'cfar_core_stream_stream_axis_0_ap_fixed_16_8_5_3_0_window_data_3_load' <Predicate = (p_vld)> <Delay = 0.00>
ST_1 : Operation 32 [1/1] (0.00ns)   --->   "%cfar_core_stream_stream_axis_0_ap_fixed_16_8_5_3_0_window_data_2_load = load i16 %cfar_core_stream_stream_axis_0_ap_fixed_16_8_5_3_0_window_data_2" [../cfar.cpp:56]   --->   Operation 32 'load' 'cfar_core_stream_stream_axis_0_ap_fixed_16_8_5_3_0_window_data_2_load' <Predicate = (p_vld)> <Delay = 0.00>
ST_1 : Operation 33 [1/1] (0.00ns)   --->   "%cfar_core_stream_stream_axis_0_ap_fixed_16_8_5_3_0_window_data_1_load = load i16 %cfar_core_stream_stream_axis_0_ap_fixed_16_8_5_3_0_window_data_1" [../cfar.cpp:56]   --->   Operation 33 'load' 'cfar_core_stream_stream_axis_0_ap_fixed_16_8_5_3_0_window_data_1_load' <Predicate = (p_vld)> <Delay = 0.00>
ST_1 : Operation 34 [1/1] (0.00ns)   --->   "%cfar_core_stream_stream_axis_0_ap_fixed_16_8_5_3_0_window_data_0_load = load i16 %cfar_core_stream_stream_axis_0_ap_fixed_16_8_5_3_0_window_data_0" [../cfar.cpp:56]   --->   Operation 34 'load' 'cfar_core_stream_stream_axis_0_ap_fixed_16_8_5_3_0_window_data_0_load' <Predicate = (p_vld)> <Delay = 0.00>
ST_1 : Operation 35 [1/1] (0.00ns)   --->   "%store_ln56 = store i16 %cfar_core_stream_stream_axis_0_ap_fixed_16_8_5_3_0_window_data_18_load, i16 %cfar_core_stream_stream_axis_0_ap_fixed_16_8_5_3_0_window_data_19" [../cfar.cpp:56]   --->   Operation 35 'store' 'store_ln56' <Predicate = (p_vld)> <Delay = 0.00>
ST_1 : Operation 36 [1/1] (0.00ns)   --->   "%store_ln56 = store i16 %cfar_core_stream_stream_axis_0_ap_fixed_16_8_5_3_0_window_data_17_load, i16 %cfar_core_stream_stream_axis_0_ap_fixed_16_8_5_3_0_window_data_18" [../cfar.cpp:56]   --->   Operation 36 'store' 'store_ln56' <Predicate = (p_vld)> <Delay = 0.00>
ST_1 : Operation 37 [1/1] (0.00ns)   --->   "%store_ln56 = store i16 %cfar_core_stream_stream_axis_0_ap_fixed_16_8_5_3_0_window_data_16_load, i16 %cfar_core_stream_stream_axis_0_ap_fixed_16_8_5_3_0_window_data_17" [../cfar.cpp:56]   --->   Operation 37 'store' 'store_ln56' <Predicate = (p_vld)> <Delay = 0.00>
ST_1 : Operation 38 [1/1] (0.00ns)   --->   "%store_ln56 = store i16 %cfar_core_stream_stream_axis_0_ap_fixed_16_8_5_3_0_window_data_15_load, i16 %cfar_core_stream_stream_axis_0_ap_fixed_16_8_5_3_0_window_data_16" [../cfar.cpp:56]   --->   Operation 38 'store' 'store_ln56' <Predicate = (p_vld)> <Delay = 0.00>
ST_1 : Operation 39 [1/1] (0.00ns)   --->   "%store_ln56 = store i16 %cfar_core_stream_stream_axis_0_ap_fixed_16_8_5_3_0_window_data_14_load, i16 %cfar_core_stream_stream_axis_0_ap_fixed_16_8_5_3_0_window_data_15" [../cfar.cpp:56]   --->   Operation 39 'store' 'store_ln56' <Predicate = (p_vld)> <Delay = 0.00>
ST_1 : Operation 40 [1/1] (0.00ns)   --->   "%store_ln56 = store i16 %cfar_core_stream_stream_axis_0_ap_fixed_16_8_5_3_0_window_data_13_load, i16 %cfar_core_stream_stream_axis_0_ap_fixed_16_8_5_3_0_window_data_14" [../cfar.cpp:56]   --->   Operation 40 'store' 'store_ln56' <Predicate = (p_vld)> <Delay = 0.00>
ST_1 : Operation 41 [1/1] (0.00ns)   --->   "%store_ln56 = store i16 %cfar_core_stream_stream_axis_0_ap_fixed_16_8_5_3_0_window_data_12_load, i16 %cfar_core_stream_stream_axis_0_ap_fixed_16_8_5_3_0_window_data_13" [../cfar.cpp:56]   --->   Operation 41 'store' 'store_ln56' <Predicate = (p_vld)> <Delay = 0.00>
ST_1 : Operation 42 [1/1] (0.00ns)   --->   "%store_ln56 = store i16 %cfar_core_stream_stream_axis_0_ap_fixed_16_8_5_3_0_window_data_11_load, i16 %cfar_core_stream_stream_axis_0_ap_fixed_16_8_5_3_0_window_data_12" [../cfar.cpp:56]   --->   Operation 42 'store' 'store_ln56' <Predicate = (p_vld)> <Delay = 0.00>
ST_1 : Operation 43 [1/1] (0.00ns)   --->   "%store_ln56 = store i16 %cfar_core_stream_stream_axis_0_ap_fixed_16_8_5_3_0_window_data_10_load, i16 %cfar_core_stream_stream_axis_0_ap_fixed_16_8_5_3_0_window_data_11" [../cfar.cpp:56]   --->   Operation 43 'store' 'store_ln56' <Predicate = (p_vld)> <Delay = 0.00>
ST_1 : Operation 44 [1/1] (0.00ns)   --->   "%store_ln56 = store i16 %cut_val, i16 %cfar_core_stream_stream_axis_0_ap_fixed_16_8_5_3_0_window_data_10" [../cfar.cpp:56]   --->   Operation 44 'store' 'store_ln56' <Predicate = (p_vld)> <Delay = 0.00>
ST_1 : Operation 45 [1/1] (0.00ns)   --->   "%store_ln56 = store i16 %cfar_core_stream_stream_axis_0_ap_fixed_16_8_5_3_0_window_data_8_load, i16 %cfar_core_stream_stream_axis_0_ap_fixed_16_8_5_3_0_window_data_9" [../cfar.cpp:56]   --->   Operation 45 'store' 'store_ln56' <Predicate = (p_vld)> <Delay = 0.00>
ST_1 : Operation 46 [1/1] (0.00ns)   --->   "%store_ln56 = store i16 %cfar_core_stream_stream_axis_0_ap_fixed_16_8_5_3_0_window_data_7_load, i16 %cfar_core_stream_stream_axis_0_ap_fixed_16_8_5_3_0_window_data_8" [../cfar.cpp:56]   --->   Operation 46 'store' 'store_ln56' <Predicate = (p_vld)> <Delay = 0.00>
ST_1 : Operation 47 [1/1] (0.00ns)   --->   "%store_ln56 = store i16 %cfar_core_stream_stream_axis_0_ap_fixed_16_8_5_3_0_window_data_6_load, i16 %cfar_core_stream_stream_axis_0_ap_fixed_16_8_5_3_0_window_data_7" [../cfar.cpp:56]   --->   Operation 47 'store' 'store_ln56' <Predicate = (p_vld)> <Delay = 0.00>
ST_1 : Operation 48 [1/1] (0.00ns)   --->   "%store_ln56 = store i16 %cfar_core_stream_stream_axis_0_ap_fixed_16_8_5_3_0_window_data_5_load, i16 %cfar_core_stream_stream_axis_0_ap_fixed_16_8_5_3_0_window_data_6" [../cfar.cpp:56]   --->   Operation 48 'store' 'store_ln56' <Predicate = (p_vld)> <Delay = 0.00>
ST_1 : Operation 49 [1/1] (0.00ns)   --->   "%store_ln56 = store i16 %cfar_core_stream_stream_axis_0_ap_fixed_16_8_5_3_0_window_data_4_load, i16 %cfar_core_stream_stream_axis_0_ap_fixed_16_8_5_3_0_window_data_5" [../cfar.cpp:56]   --->   Operation 49 'store' 'store_ln56' <Predicate = (p_vld)> <Delay = 0.00>
ST_1 : Operation 50 [1/1] (0.00ns)   --->   "%store_ln56 = store i16 %cfar_core_stream_stream_axis_0_ap_fixed_16_8_5_3_0_window_data_3_load, i16 %cfar_core_stream_stream_axis_0_ap_fixed_16_8_5_3_0_window_data_4" [../cfar.cpp:56]   --->   Operation 50 'store' 'store_ln56' <Predicate = (p_vld)> <Delay = 0.00>
ST_1 : Operation 51 [1/1] (0.00ns)   --->   "%store_ln56 = store i16 %cfar_core_stream_stream_axis_0_ap_fixed_16_8_5_3_0_window_data_2_load, i16 %cfar_core_stream_stream_axis_0_ap_fixed_16_8_5_3_0_window_data_3" [../cfar.cpp:56]   --->   Operation 51 'store' 'store_ln56' <Predicate = (p_vld)> <Delay = 0.00>
ST_1 : Operation 52 [1/1] (0.00ns)   --->   "%store_ln56 = store i16 %cfar_core_stream_stream_axis_0_ap_fixed_16_8_5_3_0_window_data_1_load, i16 %cfar_core_stream_stream_axis_0_ap_fixed_16_8_5_3_0_window_data_2" [../cfar.cpp:56]   --->   Operation 52 'store' 'store_ln56' <Predicate = (p_vld)> <Delay = 0.00>
ST_1 : Operation 53 [1/1] (0.00ns)   --->   "%store_ln56 = store i16 %cfar_core_stream_stream_axis_0_ap_fixed_16_8_5_3_0_window_data_0_load, i16 %cfar_core_stream_stream_axis_0_ap_fixed_16_8_5_3_0_window_data_1" [../cfar.cpp:56]   --->   Operation 53 'store' 'store_ln56' <Predicate = (p_vld)> <Delay = 0.00>
ST_1 : Operation 54 [1/1] (0.00ns)   --->   "%store_ln58 = store i16 %input_sample_data, i16 %cfar_core_stream_stream_axis_0_ap_fixed_16_8_5_3_0_window_data_0" [../cfar.cpp:58]   --->   Operation 54 'store' 'store_ln58' <Predicate = (p_vld)> <Delay = 0.00>
ST_1 : Operation 55 [1/1] (0.00ns)   --->   "%cfar_core_stream_stream_axis_0_ap_fixed_16_8_5_3_0_window_keep_7_load = load i2 %cfar_core_stream_stream_axis_0_ap_fixed_16_8_5_3_0_window_keep_7" [../cfar.cpp:56]   --->   Operation 55 'load' 'cfar_core_stream_stream_axis_0_ap_fixed_16_8_5_3_0_window_keep_7_load' <Predicate = (p_vld)> <Delay = 0.00>
ST_1 : Operation 56 [1/1] (0.00ns)   --->   "%cfar_core_stream_stream_axis_0_ap_fixed_16_8_5_3_0_window_keep_6_load = load i2 %cfar_core_stream_stream_axis_0_ap_fixed_16_8_5_3_0_window_keep_6" [../cfar.cpp:56]   --->   Operation 56 'load' 'cfar_core_stream_stream_axis_0_ap_fixed_16_8_5_3_0_window_keep_6_load' <Predicate = (p_vld)> <Delay = 0.00>
ST_1 : Operation 57 [1/1] (0.00ns)   --->   "%cfar_core_stream_stream_axis_0_ap_fixed_16_8_5_3_0_window_keep_5_load = load i2 %cfar_core_stream_stream_axis_0_ap_fixed_16_8_5_3_0_window_keep_5" [../cfar.cpp:56]   --->   Operation 57 'load' 'cfar_core_stream_stream_axis_0_ap_fixed_16_8_5_3_0_window_keep_5_load' <Predicate = (p_vld)> <Delay = 0.00>
ST_1 : Operation 58 [1/1] (0.00ns)   --->   "%cfar_core_stream_stream_axis_0_ap_fixed_16_8_5_3_0_window_keep_4_load = load i2 %cfar_core_stream_stream_axis_0_ap_fixed_16_8_5_3_0_window_keep_4" [../cfar.cpp:56]   --->   Operation 58 'load' 'cfar_core_stream_stream_axis_0_ap_fixed_16_8_5_3_0_window_keep_4_load' <Predicate = (p_vld)> <Delay = 0.00>
ST_1 : Operation 59 [1/1] (0.00ns)   --->   "%cfar_core_stream_stream_axis_0_ap_fixed_16_8_5_3_0_window_keep_3_load = load i2 %cfar_core_stream_stream_axis_0_ap_fixed_16_8_5_3_0_window_keep_3" [../cfar.cpp:56]   --->   Operation 59 'load' 'cfar_core_stream_stream_axis_0_ap_fixed_16_8_5_3_0_window_keep_3_load' <Predicate = (p_vld)> <Delay = 0.00>
ST_1 : Operation 60 [1/1] (0.00ns)   --->   "%cfar_core_stream_stream_axis_0_ap_fixed_16_8_5_3_0_window_keep_2_load = load i2 %cfar_core_stream_stream_axis_0_ap_fixed_16_8_5_3_0_window_keep_2" [../cfar.cpp:56]   --->   Operation 60 'load' 'cfar_core_stream_stream_axis_0_ap_fixed_16_8_5_3_0_window_keep_2_load' <Predicate = (p_vld)> <Delay = 0.00>
ST_1 : Operation 61 [1/1] (0.00ns)   --->   "%cfar_core_stream_stream_axis_0_ap_fixed_16_8_5_3_0_window_keep_1_load = load i2 %cfar_core_stream_stream_axis_0_ap_fixed_16_8_5_3_0_window_keep_1" [../cfar.cpp:56]   --->   Operation 61 'load' 'cfar_core_stream_stream_axis_0_ap_fixed_16_8_5_3_0_window_keep_1_load' <Predicate = (p_vld)> <Delay = 0.00>
ST_1 : Operation 62 [1/1] (0.00ns)   --->   "%cfar_core_stream_stream_axis_0_ap_fixed_16_8_5_3_0_window_keep_0_load = load i2 %cfar_core_stream_stream_axis_0_ap_fixed_16_8_5_3_0_window_keep_0" [../cfar.cpp:56]   --->   Operation 62 'load' 'cfar_core_stream_stream_axis_0_ap_fixed_16_8_5_3_0_window_keep_0_load' <Predicate = (p_vld)> <Delay = 0.00>
ST_1 : Operation 63 [1/1] (0.00ns)   --->   "%store_ln56 = store i2 %cfar_core_stream_stream_axis_0_ap_fixed_16_8_5_3_0_window_keep_7_load, i2 %cfar_core_stream_stream_axis_0_ap_fixed_16_8_5_3_0_window_keep_8" [../cfar.cpp:56]   --->   Operation 63 'store' 'store_ln56' <Predicate = (p_vld)> <Delay = 0.00>
ST_1 : Operation 64 [1/1] (0.00ns)   --->   "%store_ln56 = store i2 %cfar_core_stream_stream_axis_0_ap_fixed_16_8_5_3_0_window_keep_6_load, i2 %cfar_core_stream_stream_axis_0_ap_fixed_16_8_5_3_0_window_keep_7" [../cfar.cpp:56]   --->   Operation 64 'store' 'store_ln56' <Predicate = (p_vld)> <Delay = 0.00>
ST_1 : Operation 65 [1/1] (0.00ns)   --->   "%store_ln56 = store i2 %cfar_core_stream_stream_axis_0_ap_fixed_16_8_5_3_0_window_keep_5_load, i2 %cfar_core_stream_stream_axis_0_ap_fixed_16_8_5_3_0_window_keep_6" [../cfar.cpp:56]   --->   Operation 65 'store' 'store_ln56' <Predicate = (p_vld)> <Delay = 0.00>
ST_1 : Operation 66 [1/1] (0.00ns)   --->   "%store_ln56 = store i2 %cfar_core_stream_stream_axis_0_ap_fixed_16_8_5_3_0_window_keep_4_load, i2 %cfar_core_stream_stream_axis_0_ap_fixed_16_8_5_3_0_window_keep_5" [../cfar.cpp:56]   --->   Operation 66 'store' 'store_ln56' <Predicate = (p_vld)> <Delay = 0.00>
ST_1 : Operation 67 [1/1] (0.00ns)   --->   "%store_ln56 = store i2 %cfar_core_stream_stream_axis_0_ap_fixed_16_8_5_3_0_window_keep_3_load, i2 %cfar_core_stream_stream_axis_0_ap_fixed_16_8_5_3_0_window_keep_4" [../cfar.cpp:56]   --->   Operation 67 'store' 'store_ln56' <Predicate = (p_vld)> <Delay = 0.00>
ST_1 : Operation 68 [1/1] (0.00ns)   --->   "%store_ln56 = store i2 %cfar_core_stream_stream_axis_0_ap_fixed_16_8_5_3_0_window_keep_2_load, i2 %cfar_core_stream_stream_axis_0_ap_fixed_16_8_5_3_0_window_keep_3" [../cfar.cpp:56]   --->   Operation 68 'store' 'store_ln56' <Predicate = (p_vld)> <Delay = 0.00>
ST_1 : Operation 69 [1/1] (0.00ns)   --->   "%store_ln56 = store i2 %cfar_core_stream_stream_axis_0_ap_fixed_16_8_5_3_0_window_keep_1_load, i2 %cfar_core_stream_stream_axis_0_ap_fixed_16_8_5_3_0_window_keep_2" [../cfar.cpp:56]   --->   Operation 69 'store' 'store_ln56' <Predicate = (p_vld)> <Delay = 0.00>
ST_1 : Operation 70 [1/1] (0.00ns)   --->   "%store_ln56 = store i2 %cfar_core_stream_stream_axis_0_ap_fixed_16_8_5_3_0_window_keep_0_load, i2 %cfar_core_stream_stream_axis_0_ap_fixed_16_8_5_3_0_window_keep_1" [../cfar.cpp:56]   --->   Operation 70 'store' 'store_ln56' <Predicate = (p_vld)> <Delay = 0.00>
ST_1 : Operation 71 [1/1] (0.00ns)   --->   "%store_ln58 = store i2 %input_sample_keep, i2 %cfar_core_stream_stream_axis_0_ap_fixed_16_8_5_3_0_window_keep_0" [../cfar.cpp:58]   --->   Operation 71 'store' 'store_ln58' <Predicate = (p_vld)> <Delay = 0.00>
ST_1 : Operation 72 [1/1] (0.00ns)   --->   "%cfar_core_stream_stream_axis_0_ap_fixed_16_8_5_3_0_window_strb_7_load = load i2 %cfar_core_stream_stream_axis_0_ap_fixed_16_8_5_3_0_window_strb_7" [../cfar.cpp:56]   --->   Operation 72 'load' 'cfar_core_stream_stream_axis_0_ap_fixed_16_8_5_3_0_window_strb_7_load' <Predicate = (p_vld)> <Delay = 0.00>
ST_1 : Operation 73 [1/1] (0.00ns)   --->   "%cfar_core_stream_stream_axis_0_ap_fixed_16_8_5_3_0_window_strb_6_load = load i2 %cfar_core_stream_stream_axis_0_ap_fixed_16_8_5_3_0_window_strb_6" [../cfar.cpp:56]   --->   Operation 73 'load' 'cfar_core_stream_stream_axis_0_ap_fixed_16_8_5_3_0_window_strb_6_load' <Predicate = (p_vld)> <Delay = 0.00>
ST_1 : Operation 74 [1/1] (0.00ns)   --->   "%cfar_core_stream_stream_axis_0_ap_fixed_16_8_5_3_0_window_strb_5_load = load i2 %cfar_core_stream_stream_axis_0_ap_fixed_16_8_5_3_0_window_strb_5" [../cfar.cpp:56]   --->   Operation 74 'load' 'cfar_core_stream_stream_axis_0_ap_fixed_16_8_5_3_0_window_strb_5_load' <Predicate = (p_vld)> <Delay = 0.00>
ST_1 : Operation 75 [1/1] (0.00ns)   --->   "%cfar_core_stream_stream_axis_0_ap_fixed_16_8_5_3_0_window_strb_4_load = load i2 %cfar_core_stream_stream_axis_0_ap_fixed_16_8_5_3_0_window_strb_4" [../cfar.cpp:56]   --->   Operation 75 'load' 'cfar_core_stream_stream_axis_0_ap_fixed_16_8_5_3_0_window_strb_4_load' <Predicate = (p_vld)> <Delay = 0.00>
ST_1 : Operation 76 [1/1] (0.00ns)   --->   "%cfar_core_stream_stream_axis_0_ap_fixed_16_8_5_3_0_window_strb_3_load = load i2 %cfar_core_stream_stream_axis_0_ap_fixed_16_8_5_3_0_window_strb_3" [../cfar.cpp:56]   --->   Operation 76 'load' 'cfar_core_stream_stream_axis_0_ap_fixed_16_8_5_3_0_window_strb_3_load' <Predicate = (p_vld)> <Delay = 0.00>
ST_1 : Operation 77 [1/1] (0.00ns)   --->   "%cfar_core_stream_stream_axis_0_ap_fixed_16_8_5_3_0_window_strb_2_load = load i2 %cfar_core_stream_stream_axis_0_ap_fixed_16_8_5_3_0_window_strb_2" [../cfar.cpp:56]   --->   Operation 77 'load' 'cfar_core_stream_stream_axis_0_ap_fixed_16_8_5_3_0_window_strb_2_load' <Predicate = (p_vld)> <Delay = 0.00>
ST_1 : Operation 78 [1/1] (0.00ns)   --->   "%cfar_core_stream_stream_axis_0_ap_fixed_16_8_5_3_0_window_strb_1_load = load i2 %cfar_core_stream_stream_axis_0_ap_fixed_16_8_5_3_0_window_strb_1" [../cfar.cpp:56]   --->   Operation 78 'load' 'cfar_core_stream_stream_axis_0_ap_fixed_16_8_5_3_0_window_strb_1_load' <Predicate = (p_vld)> <Delay = 0.00>
ST_1 : Operation 79 [1/1] (0.00ns)   --->   "%cfar_core_stream_stream_axis_0_ap_fixed_16_8_5_3_0_window_strb_0_load = load i2 %cfar_core_stream_stream_axis_0_ap_fixed_16_8_5_3_0_window_strb_0" [../cfar.cpp:56]   --->   Operation 79 'load' 'cfar_core_stream_stream_axis_0_ap_fixed_16_8_5_3_0_window_strb_0_load' <Predicate = (p_vld)> <Delay = 0.00>
ST_1 : Operation 80 [1/1] (0.00ns)   --->   "%store_ln56 = store i2 %cfar_core_stream_stream_axis_0_ap_fixed_16_8_5_3_0_window_strb_7_load, i2 %cfar_core_stream_stream_axis_0_ap_fixed_16_8_5_3_0_window_strb_8" [../cfar.cpp:56]   --->   Operation 80 'store' 'store_ln56' <Predicate = (p_vld)> <Delay = 0.00>
ST_1 : Operation 81 [1/1] (0.00ns)   --->   "%store_ln56 = store i2 %cfar_core_stream_stream_axis_0_ap_fixed_16_8_5_3_0_window_strb_6_load, i2 %cfar_core_stream_stream_axis_0_ap_fixed_16_8_5_3_0_window_strb_7" [../cfar.cpp:56]   --->   Operation 81 'store' 'store_ln56' <Predicate = (p_vld)> <Delay = 0.00>
ST_1 : Operation 82 [1/1] (0.00ns)   --->   "%store_ln56 = store i2 %cfar_core_stream_stream_axis_0_ap_fixed_16_8_5_3_0_window_strb_5_load, i2 %cfar_core_stream_stream_axis_0_ap_fixed_16_8_5_3_0_window_strb_6" [../cfar.cpp:56]   --->   Operation 82 'store' 'store_ln56' <Predicate = (p_vld)> <Delay = 0.00>
ST_1 : Operation 83 [1/1] (0.00ns)   --->   "%store_ln56 = store i2 %cfar_core_stream_stream_axis_0_ap_fixed_16_8_5_3_0_window_strb_4_load, i2 %cfar_core_stream_stream_axis_0_ap_fixed_16_8_5_3_0_window_strb_5" [../cfar.cpp:56]   --->   Operation 83 'store' 'store_ln56' <Predicate = (p_vld)> <Delay = 0.00>
ST_1 : Operation 84 [1/1] (0.00ns)   --->   "%store_ln56 = store i2 %cfar_core_stream_stream_axis_0_ap_fixed_16_8_5_3_0_window_strb_3_load, i2 %cfar_core_stream_stream_axis_0_ap_fixed_16_8_5_3_0_window_strb_4" [../cfar.cpp:56]   --->   Operation 84 'store' 'store_ln56' <Predicate = (p_vld)> <Delay = 0.00>
ST_1 : Operation 85 [1/1] (0.00ns)   --->   "%store_ln56 = store i2 %cfar_core_stream_stream_axis_0_ap_fixed_16_8_5_3_0_window_strb_2_load, i2 %cfar_core_stream_stream_axis_0_ap_fixed_16_8_5_3_0_window_strb_3" [../cfar.cpp:56]   --->   Operation 85 'store' 'store_ln56' <Predicate = (p_vld)> <Delay = 0.00>
ST_1 : Operation 86 [1/1] (0.00ns)   --->   "%store_ln56 = store i2 %cfar_core_stream_stream_axis_0_ap_fixed_16_8_5_3_0_window_strb_1_load, i2 %cfar_core_stream_stream_axis_0_ap_fixed_16_8_5_3_0_window_strb_2" [../cfar.cpp:56]   --->   Operation 86 'store' 'store_ln56' <Predicate = (p_vld)> <Delay = 0.00>
ST_1 : Operation 87 [1/1] (0.00ns)   --->   "%store_ln56 = store i2 %cfar_core_stream_stream_axis_0_ap_fixed_16_8_5_3_0_window_strb_0_load, i2 %cfar_core_stream_stream_axis_0_ap_fixed_16_8_5_3_0_window_strb_1" [../cfar.cpp:56]   --->   Operation 87 'store' 'store_ln56' <Predicate = (p_vld)> <Delay = 0.00>
ST_1 : Operation 88 [1/1] (0.00ns)   --->   "%store_ln58 = store i2 %input_sample_strb, i2 %cfar_core_stream_stream_axis_0_ap_fixed_16_8_5_3_0_window_strb_0" [../cfar.cpp:58]   --->   Operation 88 'store' 'store_ln58' <Predicate = (p_vld)> <Delay = 0.00>
ST_1 : Operation 89 [1/1] (0.00ns)   --->   "%cfar_core_stream_stream_axis_0_ap_fixed_16_8_5_3_0_window_last_7_load = load i1 %cfar_core_stream_stream_axis_0_ap_fixed_16_8_5_3_0_window_last_7" [../cfar.cpp:56]   --->   Operation 89 'load' 'cfar_core_stream_stream_axis_0_ap_fixed_16_8_5_3_0_window_last_7_load' <Predicate = (p_vld)> <Delay = 0.00>
ST_1 : Operation 90 [1/1] (0.00ns)   --->   "%cfar_core_stream_stream_axis_0_ap_fixed_16_8_5_3_0_window_last_6_load = load i1 %cfar_core_stream_stream_axis_0_ap_fixed_16_8_5_3_0_window_last_6" [../cfar.cpp:56]   --->   Operation 90 'load' 'cfar_core_stream_stream_axis_0_ap_fixed_16_8_5_3_0_window_last_6_load' <Predicate = (p_vld)> <Delay = 0.00>
ST_1 : Operation 91 [1/1] (0.00ns)   --->   "%cfar_core_stream_stream_axis_0_ap_fixed_16_8_5_3_0_window_last_5_load = load i1 %cfar_core_stream_stream_axis_0_ap_fixed_16_8_5_3_0_window_last_5" [../cfar.cpp:56]   --->   Operation 91 'load' 'cfar_core_stream_stream_axis_0_ap_fixed_16_8_5_3_0_window_last_5_load' <Predicate = (p_vld)> <Delay = 0.00>
ST_1 : Operation 92 [1/1] (0.00ns)   --->   "%cfar_core_stream_stream_axis_0_ap_fixed_16_8_5_3_0_window_last_4_load = load i1 %cfar_core_stream_stream_axis_0_ap_fixed_16_8_5_3_0_window_last_4" [../cfar.cpp:56]   --->   Operation 92 'load' 'cfar_core_stream_stream_axis_0_ap_fixed_16_8_5_3_0_window_last_4_load' <Predicate = (p_vld)> <Delay = 0.00>
ST_1 : Operation 93 [1/1] (0.00ns)   --->   "%cfar_core_stream_stream_axis_0_ap_fixed_16_8_5_3_0_window_last_3_load = load i1 %cfar_core_stream_stream_axis_0_ap_fixed_16_8_5_3_0_window_last_3" [../cfar.cpp:56]   --->   Operation 93 'load' 'cfar_core_stream_stream_axis_0_ap_fixed_16_8_5_3_0_window_last_3_load' <Predicate = (p_vld)> <Delay = 0.00>
ST_1 : Operation 94 [1/1] (0.00ns)   --->   "%cfar_core_stream_stream_axis_0_ap_fixed_16_8_5_3_0_window_last_2_load = load i1 %cfar_core_stream_stream_axis_0_ap_fixed_16_8_5_3_0_window_last_2" [../cfar.cpp:56]   --->   Operation 94 'load' 'cfar_core_stream_stream_axis_0_ap_fixed_16_8_5_3_0_window_last_2_load' <Predicate = (p_vld)> <Delay = 0.00>
ST_1 : Operation 95 [1/1] (0.00ns)   --->   "%cfar_core_stream_stream_axis_0_ap_fixed_16_8_5_3_0_window_last_1_load = load i1 %cfar_core_stream_stream_axis_0_ap_fixed_16_8_5_3_0_window_last_1" [../cfar.cpp:56]   --->   Operation 95 'load' 'cfar_core_stream_stream_axis_0_ap_fixed_16_8_5_3_0_window_last_1_load' <Predicate = (p_vld)> <Delay = 0.00>
ST_1 : Operation 96 [1/1] (0.00ns)   --->   "%cfar_core_stream_stream_axis_0_ap_fixed_16_8_5_3_0_window_last_0_load = load i1 %cfar_core_stream_stream_axis_0_ap_fixed_16_8_5_3_0_window_last_0" [../cfar.cpp:56]   --->   Operation 96 'load' 'cfar_core_stream_stream_axis_0_ap_fixed_16_8_5_3_0_window_last_0_load' <Predicate = (p_vld)> <Delay = 0.00>
ST_1 : Operation 97 [1/1] (0.00ns)   --->   "%store_ln56 = store i1 %cfar_core_stream_stream_axis_0_ap_fixed_16_8_5_3_0_window_last_7_load, i1 %cfar_core_stream_stream_axis_0_ap_fixed_16_8_5_3_0_window_last_8" [../cfar.cpp:56]   --->   Operation 97 'store' 'store_ln56' <Predicate = (p_vld)> <Delay = 0.00>
ST_1 : Operation 98 [1/1] (0.00ns)   --->   "%store_ln56 = store i1 %cfar_core_stream_stream_axis_0_ap_fixed_16_8_5_3_0_window_last_6_load, i1 %cfar_core_stream_stream_axis_0_ap_fixed_16_8_5_3_0_window_last_7" [../cfar.cpp:56]   --->   Operation 98 'store' 'store_ln56' <Predicate = (p_vld)> <Delay = 0.00>
ST_1 : Operation 99 [1/1] (0.00ns)   --->   "%store_ln56 = store i1 %cfar_core_stream_stream_axis_0_ap_fixed_16_8_5_3_0_window_last_5_load, i1 %cfar_core_stream_stream_axis_0_ap_fixed_16_8_5_3_0_window_last_6" [../cfar.cpp:56]   --->   Operation 99 'store' 'store_ln56' <Predicate = (p_vld)> <Delay = 0.00>
ST_1 : Operation 100 [1/1] (0.00ns)   --->   "%store_ln56 = store i1 %cfar_core_stream_stream_axis_0_ap_fixed_16_8_5_3_0_window_last_4_load, i1 %cfar_core_stream_stream_axis_0_ap_fixed_16_8_5_3_0_window_last_5" [../cfar.cpp:56]   --->   Operation 100 'store' 'store_ln56' <Predicate = (p_vld)> <Delay = 0.00>
ST_1 : Operation 101 [1/1] (0.00ns)   --->   "%store_ln56 = store i1 %cfar_core_stream_stream_axis_0_ap_fixed_16_8_5_3_0_window_last_3_load, i1 %cfar_core_stream_stream_axis_0_ap_fixed_16_8_5_3_0_window_last_4" [../cfar.cpp:56]   --->   Operation 101 'store' 'store_ln56' <Predicate = (p_vld)> <Delay = 0.00>
ST_1 : Operation 102 [1/1] (0.00ns)   --->   "%store_ln56 = store i1 %cfar_core_stream_stream_axis_0_ap_fixed_16_8_5_3_0_window_last_2_load, i1 %cfar_core_stream_stream_axis_0_ap_fixed_16_8_5_3_0_window_last_3" [../cfar.cpp:56]   --->   Operation 102 'store' 'store_ln56' <Predicate = (p_vld)> <Delay = 0.00>
ST_1 : Operation 103 [1/1] (0.00ns)   --->   "%store_ln56 = store i1 %cfar_core_stream_stream_axis_0_ap_fixed_16_8_5_3_0_window_last_1_load, i1 %cfar_core_stream_stream_axis_0_ap_fixed_16_8_5_3_0_window_last_2" [../cfar.cpp:56]   --->   Operation 103 'store' 'store_ln56' <Predicate = (p_vld)> <Delay = 0.00>
ST_1 : Operation 104 [1/1] (0.00ns)   --->   "%store_ln56 = store i1 %cfar_core_stream_stream_axis_0_ap_fixed_16_8_5_3_0_window_last_0_load, i1 %cfar_core_stream_stream_axis_0_ap_fixed_16_8_5_3_0_window_last_1" [../cfar.cpp:56]   --->   Operation 104 'store' 'store_ln56' <Predicate = (p_vld)> <Delay = 0.00>
ST_1 : Operation 105 [1/1] (0.00ns)   --->   "%store_ln58 = store i1 %input_sample_last, i1 %cfar_core_stream_stream_axis_0_ap_fixed_16_8_5_3_0_window_last_0" [../cfar.cpp:58]   --->   Operation 105 'store' 'store_ln58' <Predicate = (p_vld)> <Delay = 0.00>
ST_1 : Operation 106 [1/1] (0.00ns)   --->   "%input_sample_data_cast = sext i16 %input_sample_data" [../cfar.cpp:48]   --->   Operation 106 'sext' 'input_sample_data_cast' <Predicate = (p_vld)> <Delay = 0.00>
ST_1 : Operation 107 [1/1] (0.00ns)   --->   "%cfar_core_stream_stream_ap_fixed_16_8_5_3_0_window_data_19_load_cast = sext i16 %cfar_core_stream_stream_axis_0_ap_fixed_16_8_5_3_0_window_data_19_load" [../cfar.cpp:56]   --->   Operation 107 'sext' 'cfar_core_stream_stream_ap_fixed_16_8_5_3_0_window_data_19_load_cast' <Predicate = (p_vld)> <Delay = 0.00>
ST_1 : Operation 108 [1/1] (0.00ns)   --->   "%cfar_core_stream_stream_ap_fixed_16_8_5_3_0_window_data_18_load_cast = sext i16 %cfar_core_stream_stream_axis_0_ap_fixed_16_8_5_3_0_window_data_18_load" [../cfar.cpp:56]   --->   Operation 108 'sext' 'cfar_core_stream_stream_ap_fixed_16_8_5_3_0_window_data_18_load_cast' <Predicate = (p_vld)> <Delay = 0.00>
ST_1 : Operation 109 [1/1] (0.00ns)   --->   "%cfar_core_stream_stream_ap_fixed_16_8_5_3_0_window_data_17_load_cast = sext i16 %cfar_core_stream_stream_axis_0_ap_fixed_16_8_5_3_0_window_data_17_load" [../cfar.cpp:56]   --->   Operation 109 'sext' 'cfar_core_stream_stream_ap_fixed_16_8_5_3_0_window_data_17_load_cast' <Predicate = (p_vld)> <Delay = 0.00>
ST_1 : Operation 110 [1/1] (0.00ns)   --->   "%cfar_core_stream_stream_ap_fixed_16_8_5_3_0_window_data_16_load_cast = sext i16 %cfar_core_stream_stream_axis_0_ap_fixed_16_8_5_3_0_window_data_16_load" [../cfar.cpp:56]   --->   Operation 110 'sext' 'cfar_core_stream_stream_ap_fixed_16_8_5_3_0_window_data_16_load_cast' <Predicate = (p_vld)> <Delay = 0.00>
ST_1 : Operation 111 [1/1] (0.00ns)   --->   "%cfar_core_stream_stream_ap_fixed_16_8_5_3_0_window_data_15_load_cast = sext i16 %cfar_core_stream_stream_axis_0_ap_fixed_16_8_5_3_0_window_data_15_load" [../cfar.cpp:56]   --->   Operation 111 'sext' 'cfar_core_stream_stream_ap_fixed_16_8_5_3_0_window_data_15_load_cast' <Predicate = (p_vld)> <Delay = 0.00>
ST_1 : Operation 112 [1/1] (0.00ns)   --->   "%cfar_core_stream_stream_ap_fixed_16_8_5_3_0_window_data_14_load_cast = sext i16 %cfar_core_stream_stream_axis_0_ap_fixed_16_8_5_3_0_window_data_14_load" [../cfar.cpp:56]   --->   Operation 112 'sext' 'cfar_core_stream_stream_ap_fixed_16_8_5_3_0_window_data_14_load_cast' <Predicate = (p_vld)> <Delay = 0.00>
ST_1 : Operation 113 [1/1] (0.00ns)   --->   "%cfar_core_stream_stream_ap_fixed_16_8_5_3_0_window_data_13_load_cast = sext i16 %cfar_core_stream_stream_axis_0_ap_fixed_16_8_5_3_0_window_data_13_load" [../cfar.cpp:56]   --->   Operation 113 'sext' 'cfar_core_stream_stream_ap_fixed_16_8_5_3_0_window_data_13_load_cast' <Predicate = (p_vld)> <Delay = 0.00>
ST_1 : Operation 114 [1/1] (0.00ns)   --->   "%cfar_core_stream_stream_ap_fixed_16_8_5_3_0_window_data_12_load_cast = sext i16 %cfar_core_stream_stream_axis_0_ap_fixed_16_8_5_3_0_window_data_12_load" [../cfar.cpp:56]   --->   Operation 114 'sext' 'cfar_core_stream_stream_ap_fixed_16_8_5_3_0_window_data_12_load_cast' <Predicate = (p_vld)> <Delay = 0.00>
ST_1 : Operation 115 [1/1] (0.00ns)   --->   "%cfar_core_stream_stream_ap_fixed_16_8_5_3_0_window_data_6_load_cast = sext i16 %cfar_core_stream_stream_axis_0_ap_fixed_16_8_5_3_0_window_data_6_load" [../cfar.cpp:56]   --->   Operation 115 'sext' 'cfar_core_stream_stream_ap_fixed_16_8_5_3_0_window_data_6_load_cast' <Predicate = (p_vld)> <Delay = 0.00>
ST_1 : Operation 116 [1/1] (0.00ns)   --->   "%cfar_core_stream_stream_ap_fixed_16_8_5_3_0_window_data_5_load_cast = sext i16 %cfar_core_stream_stream_axis_0_ap_fixed_16_8_5_3_0_window_data_5_load" [../cfar.cpp:56]   --->   Operation 116 'sext' 'cfar_core_stream_stream_ap_fixed_16_8_5_3_0_window_data_5_load_cast' <Predicate = (p_vld)> <Delay = 0.00>
ST_1 : Operation 117 [1/1] (0.00ns)   --->   "%cfar_core_stream_stream_ap_fixed_16_8_5_3_0_window_data_4_load_cast = sext i16 %cfar_core_stream_stream_axis_0_ap_fixed_16_8_5_3_0_window_data_4_load" [../cfar.cpp:56]   --->   Operation 117 'sext' 'cfar_core_stream_stream_ap_fixed_16_8_5_3_0_window_data_4_load_cast' <Predicate = (p_vld)> <Delay = 0.00>
ST_1 : Operation 118 [1/1] (0.00ns)   --->   "%cfar_core_stream_stream_ap_fixed_16_8_5_3_0_window_data_3_load_cast = sext i16 %cfar_core_stream_stream_axis_0_ap_fixed_16_8_5_3_0_window_data_3_load" [../cfar.cpp:56]   --->   Operation 118 'sext' 'cfar_core_stream_stream_ap_fixed_16_8_5_3_0_window_data_3_load_cast' <Predicate = (p_vld)> <Delay = 0.00>
ST_1 : Operation 119 [1/1] (0.00ns)   --->   "%cfar_core_stream_stream_ap_fixed_16_8_5_3_0_window_data_2_load_cast = sext i16 %cfar_core_stream_stream_axis_0_ap_fixed_16_8_5_3_0_window_data_2_load" [../cfar.cpp:56]   --->   Operation 119 'sext' 'cfar_core_stream_stream_ap_fixed_16_8_5_3_0_window_data_2_load_cast' <Predicate = (p_vld)> <Delay = 0.00>
ST_1 : Operation 120 [1/1] (0.00ns)   --->   "%cfar_core_stream_stream_ap_fixed_16_8_5_3_0_window_data_1_load_cast = sext i16 %cfar_core_stream_stream_axis_0_ap_fixed_16_8_5_3_0_window_data_1_load" [../cfar.cpp:56]   --->   Operation 120 'sext' 'cfar_core_stream_stream_ap_fixed_16_8_5_3_0_window_data_1_load_cast' <Predicate = (p_vld)> <Delay = 0.00>
ST_1 : Operation 121 [1/1] (0.00ns)   --->   "%sext_ln76 = sext i16 %cfar_core_stream_stream_axis_0_ap_fixed_16_8_5_3_0_window_data_0_load" [../cfar.cpp:76]   --->   Operation 121 'sext' 'sext_ln76' <Predicate = (p_vld)> <Delay = 0.00>
ST_1 : Operation 122 [1/1] (2.07ns)   --->   "%add_ln76 = add i17 %cfar_core_stream_stream_ap_fixed_16_8_5_3_0_window_data_2_load_cast, i17 %cfar_core_stream_stream_ap_fixed_16_8_5_3_0_window_data_1_load_cast" [../cfar.cpp:76]   --->   Operation 122 'add' 'add_ln76' <Predicate = (p_vld)> <Delay = 2.07> <CoreInst = "Adder">   --->   Core 1 'Adder' <Latency = 0> <II = 1> <Delay = 2.07> <FuncUnit> <Opcode : 'add' 'sub'> <InPorts = 2> <OutPorts = 1>
ST_1 : Operation 123 [1/1] (0.00ns)   --->   "%sext_ln76_1 = sext i17 %add_ln76" [../cfar.cpp:76]   --->   Operation 123 'sext' 'sext_ln76_1' <Predicate = (p_vld)> <Delay = 0.00>
ST_1 : Operation 124 [1/1] (2.07ns)   --->   "%add_ln76_1 = add i17 %cfar_core_stream_stream_ap_fixed_16_8_5_3_0_window_data_3_load_cast, i17 %cfar_core_stream_stream_ap_fixed_16_8_5_3_0_window_data_4_load_cast" [../cfar.cpp:76]   --->   Operation 124 'add' 'add_ln76_1' <Predicate = (p_vld)> <Delay = 2.07> <CoreInst = "Adder">   --->   Core 1 'Adder' <Latency = 0> <II = 1> <Delay = 2.07> <FuncUnit> <Opcode : 'add' 'sub'> <InPorts = 2> <OutPorts = 1>
ST_1 : Operation 125 [1/1] (0.00ns)   --->   "%sext_ln76_2 = sext i17 %add_ln76_1" [../cfar.cpp:76]   --->   Operation 125 'sext' 'sext_ln76_2' <Predicate = (p_vld)> <Delay = 0.00>
ST_1 : Operation 126 [1/1] (2.10ns)   --->   "%add_ln76_2 = add i18 %sext_ln76_2, i18 %sext_ln76_1" [../cfar.cpp:76]   --->   Operation 126 'add' 'add_ln76_2' <Predicate = (p_vld)> <Delay = 2.10> <CoreInst = "Adder">   --->   Core 1 'Adder' <Latency = 0> <II = 1> <Delay = 2.10> <FuncUnit> <Opcode : 'add' 'sub'> <InPorts = 2> <OutPorts = 1>
ST_1 : Operation 127 [1/1] (2.07ns)   --->   "%add_ln76_3 = add i17 %cfar_core_stream_stream_ap_fixed_16_8_5_3_0_window_data_12_load_cast, i17 %cfar_core_stream_stream_ap_fixed_16_8_5_3_0_window_data_13_load_cast" [../cfar.cpp:76]   --->   Operation 127 'add' 'add_ln76_3' <Predicate = (p_vld)> <Delay = 2.07> <CoreInst = "Adder">   --->   Core 1 'Adder' <Latency = 0> <II = 1> <Delay = 2.07> <FuncUnit> <Opcode : 'add' 'sub'> <InPorts = 2> <OutPorts = 1>
ST_1 : Operation 128 [1/1] (0.00ns)   --->   "%sext_ln76_4 = sext i17 %add_ln76_3" [../cfar.cpp:76]   --->   Operation 128 'sext' 'sext_ln76_4' <Predicate = (p_vld)> <Delay = 0.00>
ST_1 : Operation 129 [1/1] (2.07ns)   --->   "%add_ln76_4 = add i17 %cfar_core_stream_stream_ap_fixed_16_8_5_3_0_window_data_5_load_cast, i17 %cfar_core_stream_stream_ap_fixed_16_8_5_3_0_window_data_6_load_cast" [../cfar.cpp:76]   --->   Operation 129 'add' 'add_ln76_4' <Predicate = (p_vld)> <Delay = 2.07> <CoreInst = "Adder">   --->   Core 1 'Adder' <Latency = 0> <II = 1> <Delay = 2.07> <FuncUnit> <Opcode : 'add' 'sub'> <InPorts = 2> <OutPorts = 1>
ST_1 : Operation 130 [1/1] (0.00ns)   --->   "%sext_ln76_5 = sext i17 %add_ln76_4" [../cfar.cpp:76]   --->   Operation 130 'sext' 'sext_ln76_5' <Predicate = (p_vld)> <Delay = 0.00>
ST_1 : Operation 131 [1/1] (2.10ns)   --->   "%add_ln76_5 = add i18 %sext_ln76_5, i18 %sext_ln76_4" [../cfar.cpp:76]   --->   Operation 131 'add' 'add_ln76_5' <Predicate = (p_vld)> <Delay = 2.10> <CoreInst = "Adder">   --->   Core 1 'Adder' <Latency = 0> <II = 1> <Delay = 2.10> <FuncUnit> <Opcode : 'add' 'sub'> <InPorts = 2> <OutPorts = 1>
ST_1 : Operation 132 [1/1] (2.07ns)   --->   "%add_ln76_7 = add i17 %cfar_core_stream_stream_ap_fixed_16_8_5_3_0_window_data_19_load_cast, i17 %cfar_core_stream_stream_ap_fixed_16_8_5_3_0_window_data_18_load_cast" [../cfar.cpp:76]   --->   Operation 132 'add' 'add_ln76_7' <Predicate = (p_vld)> <Delay = 2.07> <CoreInst = "Adder">   --->   Core 1 'Adder' <Latency = 0> <II = 1> <Delay = 2.07> <FuncUnit> <Opcode : 'add' 'sub'> <InPorts = 2> <OutPorts = 1>
ST_1 : Operation 133 [1/1] (0.00ns)   --->   "%sext_ln76_8 = sext i17 %add_ln76_7" [../cfar.cpp:76]   --->   Operation 133 'sext' 'sext_ln76_8' <Predicate = (p_vld)> <Delay = 0.00>
ST_1 : Operation 134 [1/1] (2.07ns)   --->   "%add_ln76_8 = add i17 %input_sample_data_cast, i17 %cfar_core_stream_stream_ap_fixed_16_8_5_3_0_window_data_16_load_cast" [../cfar.cpp:76]   --->   Operation 134 'add' 'add_ln76_8' <Predicate = (p_vld)> <Delay = 2.07> <CoreInst = "Adder">   --->   Core 1 'Adder' <Latency = 0> <II = 1> <Delay = 2.07> <FuncUnit> <Opcode : 'add' 'sub'> <InPorts = 2> <OutPorts = 1>
ST_1 : Operation 135 [1/1] (0.00ns)   --->   "%sext_ln76_9 = sext i17 %add_ln76_8" [../cfar.cpp:76]   --->   Operation 135 'sext' 'sext_ln76_9' <Predicate = (p_vld)> <Delay = 0.00>
ST_1 : Operation 136 [1/1] (2.10ns)   --->   "%add_ln76_9 = add i18 %sext_ln76_9, i18 %sext_ln76_8" [../cfar.cpp:76]   --->   Operation 136 'add' 'add_ln76_9' <Predicate = (p_vld)> <Delay = 2.10> <CoreInst = "Adder">   --->   Core 1 'Adder' <Latency = 0> <II = 1> <Delay = 2.10> <FuncUnit> <Opcode : 'add' 'sub'> <InPorts = 2> <OutPorts = 1>
ST_1 : Operation 137 [1/1] (2.07ns)   --->   "%add_ln76_10 = add i17 %cfar_core_stream_stream_ap_fixed_16_8_5_3_0_window_data_17_load_cast, i17 %cfar_core_stream_stream_ap_fixed_16_8_5_3_0_window_data_14_load_cast" [../cfar.cpp:76]   --->   Operation 137 'add' 'add_ln76_10' <Predicate = (p_vld)> <Delay = 2.07> <CoreInst = "Adder">   --->   Core 1 'Adder' <Latency = 0> <II = 1> <Delay = 2.07> <FuncUnit> <Opcode : 'add' 'sub'> <InPorts = 2> <OutPorts = 1>
ST_1 : Operation 138 [1/1] (0.00ns)   --->   "%sext_ln76_11 = sext i17 %add_ln76_10" [../cfar.cpp:76]   --->   Operation 138 'sext' 'sext_ln76_11' <Predicate = (p_vld)> <Delay = 0.00>
ST_1 : Operation 139 [1/1] (2.07ns)   --->   "%add_ln76_11 = add i17 %cfar_core_stream_stream_ap_fixed_16_8_5_3_0_window_data_15_load_cast, i17 %sext_ln76" [../cfar.cpp:76]   --->   Operation 139 'add' 'add_ln76_11' <Predicate = (p_vld)> <Delay = 2.07> <CoreInst = "Adder">   --->   Core 1 'Adder' <Latency = 0> <II = 1> <Delay = 2.07> <FuncUnit> <Opcode : 'add' 'sub'> <InPorts = 2> <OutPorts = 1>
ST_1 : Operation 140 [1/1] (0.00ns)   --->   "%sext_ln76_12 = sext i17 %add_ln76_11" [../cfar.cpp:76]   --->   Operation 140 'sext' 'sext_ln76_12' <Predicate = (p_vld)> <Delay = 0.00>
ST_1 : Operation 141 [1/1] (2.10ns)   --->   "%add_ln76_12 = add i18 %sext_ln76_12, i18 %sext_ln76_11" [../cfar.cpp:76]   --->   Operation 141 'add' 'add_ln76_12' <Predicate = (p_vld)> <Delay = 2.10> <CoreInst = "Adder">   --->   Core 1 'Adder' <Latency = 0> <II = 1> <Delay = 2.10> <FuncUnit> <Opcode : 'add' 'sub'> <InPorts = 2> <OutPorts = 1>

State 2 <SV = 1> <Delay = 4.30>
ST_2 : Operation 142 [1/1] (0.00ns)   --->   "%sext_ln76_3 = sext i18 %add_ln76_2" [../cfar.cpp:76]   --->   Operation 142 'sext' 'sext_ln76_3' <Predicate = (p_vld)> <Delay = 0.00>
ST_2 : Operation 143 [1/1] (0.00ns)   --->   "%sext_ln76_6 = sext i18 %add_ln76_5" [../cfar.cpp:76]   --->   Operation 143 'sext' 'sext_ln76_6' <Predicate = (p_vld)> <Delay = 0.00>
ST_2 : Operation 144 [1/1] (2.13ns)   --->   "%add_ln76_6 = add i19 %sext_ln76_6, i19 %sext_ln76_3" [../cfar.cpp:76]   --->   Operation 144 'add' 'add_ln76_6' <Predicate = (p_vld)> <Delay = 2.13> <CoreInst = "Adder">   --->   Core 1 'Adder' <Latency = 0> <II = 1> <Delay = 2.13> <FuncUnit> <Opcode : 'add' 'sub'> <InPorts = 2> <OutPorts = 1>
ST_2 : Operation 145 [1/1] (0.00ns)   --->   "%sext_ln76_7 = sext i19 %add_ln76_6" [../cfar.cpp:76]   --->   Operation 145 'sext' 'sext_ln76_7' <Predicate = (p_vld)> <Delay = 0.00>
ST_2 : Operation 146 [1/1] (0.00ns)   --->   "%sext_ln76_10 = sext i18 %add_ln76_9" [../cfar.cpp:76]   --->   Operation 146 'sext' 'sext_ln76_10' <Predicate = (p_vld)> <Delay = 0.00>
ST_2 : Operation 147 [1/1] (0.00ns)   --->   "%sext_ln76_13 = sext i18 %add_ln76_12" [../cfar.cpp:76]   --->   Operation 147 'sext' 'sext_ln76_13' <Predicate = (p_vld)> <Delay = 0.00>
ST_2 : Operation 148 [1/1] (2.13ns)   --->   "%add_ln76_13 = add i19 %sext_ln76_13, i19 %sext_ln76_10" [../cfar.cpp:76]   --->   Operation 148 'add' 'add_ln76_13' <Predicate = (p_vld)> <Delay = 2.13> <CoreInst = "Adder">   --->   Core 1 'Adder' <Latency = 0> <II = 1> <Delay = 2.13> <FuncUnit> <Opcode : 'add' 'sub'> <InPorts = 2> <OutPorts = 1>
ST_2 : Operation 149 [1/1] (0.00ns)   --->   "%sext_ln76_14 = sext i19 %add_ln76_13" [../cfar.cpp:76]   --->   Operation 149 'sext' 'sext_ln76_14' <Predicate = (p_vld)> <Delay = 0.00>
ST_2 : Operation 150 [1/1] (2.16ns)   --->   "%add_ln84 = add i20 %sext_ln76_14, i20 %sext_ln76_7" [../cfar.cpp:84]   --->   Operation 150 'add' 'add_ln84' <Predicate = (p_vld)> <Delay = 2.16> <CoreInst = "Adder">   --->   Core 1 'Adder' <Latency = 0> <II = 1> <Delay = 2.16> <FuncUnit> <Opcode : 'add' 'sub'> <InPorts = 2> <OutPorts = 1>
ST_2 : Operation 151 [1/1] (0.00ns)   --->   "%tmp_2 = bitselect i1 @_ssdm_op_BitSelect.i1.i20.i32, i20 %add_ln84, i32 19" [../cfar.cpp:84]   --->   Operation 151 'bitselect' 'tmp_2' <Predicate = (p_vld)> <Delay = 0.00>
ST_2 : Operation 152 [1/1] (0.00ns)   --->   "%tmp_1 = partselect i16 @_ssdm_op_PartSelect.i16.i20.i32.i32, i20 %add_ln84, i32 4, i32 19" [../cfar.cpp:84]   --->   Operation 152 'partselect' 'tmp_1' <Predicate = (p_vld)> <Delay = 0.00>

State 3 <SV = 2> <Delay = 4.39>
ST_3 : Operation 153 [1/1] (0.00ns)   --->   "%shl_ln = bitconcatenate i22 @_ssdm_op_BitConcatenate.i22.i20.i2, i20 %add_ln84, i2 0" [../cfar.cpp:84]   --->   Operation 153 'bitconcatenate' 'shl_ln' <Predicate = (p_vld & tmp_2)> <Delay = 0.00>
ST_3 : Operation 154 [1/1] (2.25ns)   --->   "%sub_ln84 = sub i22 0, i22 %shl_ln" [../cfar.cpp:84]   --->   Operation 154 'sub' 'sub_ln84' <Predicate = (p_vld & tmp_2)> <Delay = 2.25> <CoreInst = "Adder">   --->   Core 1 'Adder' <Latency = 0> <II = 1> <Delay = 2.25> <FuncUnit> <Opcode : 'add' 'sub'> <InPorts = 2> <OutPorts = 1>
ST_3 : Operation 155 [1/1] (0.00ns)   --->   "%trunc_ln84_1 = partselect i18 @_ssdm_op_PartSelect.i18.i22.i32.i32, i22 %sub_ln84, i32 4, i32 21" [../cfar.cpp:84]   --->   Operation 155 'partselect' 'trunc_ln84_1' <Predicate = (p_vld & tmp_2)> <Delay = 0.00>
ST_3 : Operation 156 [1/1] (2.13ns)   --->   "%sub_ln84_1 = sub i18 0, i18 %trunc_ln84_1" [../cfar.cpp:84]   --->   Operation 156 'sub' 'sub_ln84_1' <Predicate = (p_vld & tmp_2)> <Delay = 2.13> <CoreInst = "Adder">   --->   Core 1 'Adder' <Latency = 0> <II = 1> <Delay = 2.13> <FuncUnit> <Opcode : 'add' 'sub'> <InPorts = 2> <OutPorts = 1>
ST_3 : Operation 157 [1/1] (0.00ns)   --->   "%tmp = partselect i16 @_ssdm_op_PartSelect.i16.i18.i32.i32, i18 %sub_ln84_1, i32 2, i32 17" [../cfar.cpp:84]   --->   Operation 157 'partselect' 'tmp' <Predicate = (p_vld & tmp_2)> <Delay = 0.00>

State 4 <SV = 3> <Delay = 4.34>
ST_4 : Operation 158 [1/1] (0.00ns)   --->   "%specpipeline_ln27 = specpipeline void @_ssdm_op_SpecPipeline, i32 1, i32 0, i32 0, i32 0, i32 4294967295, void @empty_1" [../cfar.cpp:27]   --->   Operation 158 'specpipeline' 'specpipeline_ln27' <Predicate = true> <Delay = 0.00>
ST_4 : Operation 159 [1/1] (0.00ns)   --->   "%spectopmodule_ln13 = spectopmodule void @_ssdm_op_SpecTopModule, void @empty_3" [../cfar.cpp:13]   --->   Operation 159 'spectopmodule' 'spectopmodule_ln13' <Predicate = true> <Delay = 0.00>
ST_4 : Operation 160 [1/1] (0.00ns)   --->   "%specinterface_ln0 = specinterface void @_ssdm_op_SpecInterface, i16 %in_stream_V_data_V, i2 %in_stream_V_keep_V, i2 %in_stream_V_strb_V, i1 %in_stream_V_last_V, void @empty_5, i32 1, i32 1, void @empty_4, i32 0, i32 0, void @empty_1, void @empty_1, void @empty_1, i32 0, i32 0, i32 0, i32 0, void @empty_1, void @empty_1, i32 4294967295, i32 0, i32 0, i32 0"   --->   Operation 160 'specinterface' 'specinterface_ln0' <Predicate = true> <Delay = 0.00>
ST_4 : Operation 161 [1/1] (0.00ns)   --->   "%specbitsmap_ln0 = specbitsmap void @_ssdm_op_SpecBitsMap, i16 %in_stream_V_data_V"   --->   Operation 161 'specbitsmap' 'specbitsmap_ln0' <Predicate = true> <Delay = 0.00>
ST_4 : Operation 162 [1/1] (0.00ns)   --->   "%specbitsmap_ln0 = specbitsmap void @_ssdm_op_SpecBitsMap, i2 %in_stream_V_keep_V"   --->   Operation 162 'specbitsmap' 'specbitsmap_ln0' <Predicate = true> <Delay = 0.00>
ST_4 : Operation 163 [1/1] (0.00ns)   --->   "%specbitsmap_ln0 = specbitsmap void @_ssdm_op_SpecBitsMap, i2 %in_stream_V_strb_V"   --->   Operation 163 'specbitsmap' 'specbitsmap_ln0' <Predicate = true> <Delay = 0.00>
ST_4 : Operation 164 [1/1] (0.00ns)   --->   "%specbitsmap_ln0 = specbitsmap void @_ssdm_op_SpecBitsMap, i1 %in_stream_V_last_V"   --->   Operation 164 'specbitsmap' 'specbitsmap_ln0' <Predicate = true> <Delay = 0.00>
ST_4 : Operation 165 [1/1] (0.00ns)   --->   "%specinterface_ln0 = specinterface void @_ssdm_op_SpecInterface, i16 %out_stream_V_data_V, i2 %out_stream_V_keep_V, i2 %out_stream_V_strb_V, i1 %out_stream_V_last_V, void @empty_5, i32 1, i32 1, void @empty_4, i32 0, i32 0, void @empty_1, void @empty_1, void @empty_1, i32 0, i32 0, i32 0, i32 0, void @empty_1, void @empty_1, i32 4294967295, i32 0, i32 0, i32 0"   --->   Operation 165 'specinterface' 'specinterface_ln0' <Predicate = true> <Delay = 0.00>
ST_4 : Operation 166 [1/1] (0.00ns)   --->   "%specbitsmap_ln0 = specbitsmap void @_ssdm_op_SpecBitsMap, i16 %out_stream_V_data_V"   --->   Operation 166 'specbitsmap' 'specbitsmap_ln0' <Predicate = true> <Delay = 0.00>
ST_4 : Operation 167 [1/1] (0.00ns)   --->   "%specbitsmap_ln0 = specbitsmap void @_ssdm_op_SpecBitsMap, i2 %out_stream_V_keep_V"   --->   Operation 167 'specbitsmap' 'specbitsmap_ln0' <Predicate = true> <Delay = 0.00>
ST_4 : Operation 168 [1/1] (0.00ns)   --->   "%specbitsmap_ln0 = specbitsmap void @_ssdm_op_SpecBitsMap, i2 %out_stream_V_strb_V"   --->   Operation 168 'specbitsmap' 'specbitsmap_ln0' <Predicate = true> <Delay = 0.00>
ST_4 : Operation 169 [1/1] (0.00ns)   --->   "%specbitsmap_ln0 = specbitsmap void @_ssdm_op_SpecBitsMap, i1 %out_stream_V_last_V"   --->   Operation 169 'specbitsmap' 'specbitsmap_ln0' <Predicate = true> <Delay = 0.00>
ST_4 : Operation 170 [1/1] (0.00ns)   --->   "%specbitsmap_ln0 = specbitsmap void @_ssdm_op_SpecBitsMap, i16 %threshold_alpha"   --->   Operation 170 'specbitsmap' 'specbitsmap_ln0' <Predicate = true> <Delay = 0.00>
ST_4 : Operation 171 [1/1] (0.00ns)   --->   "%specinterface_ln0 = specinterface void @_ssdm_op_SpecInterface, i16 %threshold_alpha, void @empty, i32 4294967295, i32 4294967295, void @empty_1, i32 0, i32 0, void @empty_8, void @empty_6, void @empty_1, i32 0, i32 0, i32 0, i32 0, void @empty_1, void @empty_1, i32 4294967295, i32 0, i32 0, i32 0"   --->   Operation 171 'specinterface' 'specinterface_ln0' <Predicate = true> <Delay = 0.00>
ST_4 : Operation 172 [1/1] (0.00ns)   --->   "%specinterface_ln0 = specinterface void @_ssdm_op_SpecInterface, i16 %threshold_alpha, void @empty_7, i32 0, i32 0, void @empty_1, i32 0, i32 0, void @empty_1, void @empty_1, void @empty_1, i32 0, i32 0, i32 0, i32 0, void @empty_1, void @empty_1, i32 4294967295, i32 0, i32 0, i32 0"   --->   Operation 172 'specinterface' 'specinterface_ln0' <Predicate = true> <Delay = 0.00>
ST_4 : Operation 173 [1/1] (0.00ns)   --->   "%specinterface_ln0 = specinterface void @_ssdm_op_SpecInterface, i32 0, void @empty, i32 0, i32 0, void @empty_1, i32 0, i32 0, void @empty_8, void @empty_1, void @empty_1, i32 0, i32 0, i32 0, i32 0, void @empty_1, void @empty_1, i32 0, i32 0, i32 0, i32 0"   --->   Operation 173 'specinterface' 'specinterface_ln0' <Predicate = true> <Delay = 0.00>
ST_4 : Operation 174 [1/1] (1.00ns)   --->   "%threshold_alpha_read = read i16 @_ssdm_op_Read.s_axilite.i16, i16 %threshold_alpha"   --->   Operation 174 'read' 'threshold_alpha_read' <Predicate = true> <Delay = 1.00> <CoreInst = "s_axilite">   --->   Core 112 's_axilite' <Latency = 0> <II = 1> <Delay = 1.00> <Adapter> <Opcode : 'read' 'write'>
ST_4 : Operation 175 [1/1] (0.00ns)   --->   "%specaxissidechannel_ln48 = specaxissidechannel void @_ssdm_op_SpecAXISSideChannel, i16 %out_stream_V_data_V, i2 %out_stream_V_keep_V, i2 %out_stream_V_strb_V, i1 0, i1 %out_stream_V_last_V, i1 0, i1 0, void @empty_2" [../cfar.cpp:48]   --->   Operation 175 'specaxissidechannel' 'specaxissidechannel_ln48' <Predicate = true> <Delay = 0.00>
ST_4 : Operation 176 [1/1] (0.00ns)   --->   "%specaxissidechannel_ln48 = specaxissidechannel void @_ssdm_op_SpecAXISSideChannel, i16 %in_stream_V_data_V, i2 %in_stream_V_keep_V, i2 %in_stream_V_strb_V, i1 0, i1 %in_stream_V_last_V, i1 0, i1 0, void @empty_0" [../cfar.cpp:48]   --->   Operation 176 'specaxissidechannel' 'specaxissidechannel_ln48' <Predicate = true> <Delay = 0.00>
ST_4 : Operation 177 [1/1] (0.80ns)   --->   "%noise_level = select i1 %tmp_2, i16 %tmp, i16 %tmp_1" [../cfar.cpp:84]   --->   Operation 177 'select' 'noise_level' <Predicate = (p_vld)> <Delay = 0.80> <CoreInst = "Sel">   --->   Core 73 'Sel' <Latency = 0> <II = 1> <Delay = 0.80> <FuncUnit> <Opcode : 'select'> <InPorts = 3> <OutPorts = 1>
ST_4 : Operation 178 [1/1] (0.00ns)   --->   "%sext_ln85 = sext i16 %noise_level" [../cfar.cpp:85]   --->   Operation 178 'sext' 'sext_ln85' <Predicate = (p_vld)> <Delay = 0.00>
ST_4 : Operation 179 [1/1] (0.00ns)   --->   "%sext_ln85_1 = sext i16 %threshold_alpha_read" [../cfar.cpp:85]   --->   Operation 179 'sext' 'sext_ln85_1' <Predicate = (p_vld)> <Delay = 0.00>
ST_4 : Operation 180 [2/2] (3.34ns)   --->   "%mul_ln85 = mul i24 %sext_ln85, i24 %sext_ln85_1" [../cfar.cpp:85]   --->   Operation 180 'mul' 'mul_ln85' <Predicate = (p_vld)> <Delay = 3.34> <CoreInst = "Multiplier">   --->   Core 3 'Multiplier' <Latency = 1> <II = 1> <Delay = 3.34> <FuncUnit> <Opcode : 'mul'> <InPorts = 2> <OutPorts = 1>

State 5 <SV = 4> <Delay = 3.34>
ST_5 : Operation 181 [1/2] (3.34ns)   --->   "%mul_ln85 = mul i24 %sext_ln85, i24 %sext_ln85_1" [../cfar.cpp:85]   --->   Operation 181 'mul' 'mul_ln85' <Predicate = (p_vld)> <Delay = 3.34> <CoreInst = "Multiplier">   --->   Core 3 'Multiplier' <Latency = 1> <II = 1> <Delay = 3.34> <FuncUnit> <Opcode : 'mul'> <InPorts = 2> <OutPorts = 1>
ST_5 : Operation 182 [1/1] (0.00ns)   --->   "%threshold_val = partselect i16 @_ssdm_op_PartSelect.i16.i24.i32.i32, i24 %mul_ln85, i32 8, i32 23" [../cfar.cpp:85]   --->   Operation 182 'partselect' 'threshold_val' <Predicate = (p_vld)> <Delay = 0.00>

State 6 <SV = 5> <Delay = 4.12>
ST_6 : Operation 183 [1/1] (2.07ns)   --->   "%icmp_ln102 = icmp_sgt  i16 %cut_val, i16 %threshold_val" [../cfar.cpp:102]   --->   Operation 183 'icmp' 'icmp_ln102' <Predicate = (p_vld)> <Delay = 2.07> <CoreInst = "Cmp">   --->   Core 9 'Cmp' <Latency = 0> <II = 1> <Delay = 2.07> <FuncUnit> <Opcode : 'seteq' 'setne' 'setle' 'setge' 'setlt' 'setgt'> <InPorts = 2> <OutPorts = 1>
ST_6 : Operation 184 [1/1] (0.80ns)   --->   "%output_sample_data = select i1 %icmp_ln102, i16 %cut_val, i16 0" [../cfar.cpp:102]   --->   Operation 184 'select' 'output_sample_data' <Predicate = (p_vld)> <Delay = 0.80> <CoreInst = "Sel">   --->   Core 73 'Sel' <Latency = 0> <II = 1> <Delay = 0.80> <FuncUnit> <Opcode : 'select'> <InPorts = 3> <OutPorts = 1>
ST_6 : Operation 185 [2/2] (1.24ns)   --->   "%write_ln108 = write void @_ssdm_op_Write.axis.volatile.i16P0A.i2P0A.i2P0A.i1P0A, i16 %out_stream_V_data_V, i2 %out_stream_V_keep_V, i2 %out_stream_V_strb_V, i1 %out_stream_V_last_V, i16 %output_sample_data, i2 %input_sample_keep, i2 %input_sample_strb, i1 %input_sample_last" [../cfar.cpp:108]   --->   Operation 185 'write' 'write_ln108' <Predicate = (p_vld)> <Delay = 1.24> <CoreInst = "regslice">   --->   Core 135 'regslice' <Latency = 0> <II = 1> <Delay = 1.87> <Adapter> <Opcode : 'read' 'write'>

State 7 <SV = 6> <Delay = 1.24>
ST_7 : Operation 186 [1/2] ( I:1.24ns O:1.24ns )   --->   "%write_ln108 = write void @_ssdm_op_Write.axis.volatile.i16P0A.i2P0A.i2P0A.i1P0A, i16 %out_stream_V_data_V, i2 %out_stream_V_keep_V, i2 %out_stream_V_strb_V, i1 %out_stream_V_last_V, i16 %output_sample_data, i2 %input_sample_keep, i2 %input_sample_strb, i1 %input_sample_last" [../cfar.cpp:108]   --->   Operation 186 'write' 'write_ln108' <Predicate = (p_vld)> <Delay = 1.24> <CoreInst = "regslice">   --->   Core 135 'regslice' <Latency = 0> <II = 1> <Delay = 1.87> <Adapter> <Opcode : 'read' 'write'>
ST_7 : Operation 187 [1/1] (0.00ns)   --->   "%br_ln109 = br void %if.end28" [../cfar.cpp:109]   --->   Operation 187 'br' 'br_ln109' <Predicate = (p_vld)> <Delay = 0.00>
ST_7 : Operation 188 [1/1] (0.00ns)   --->   "%ret_ln110 = ret" [../cfar.cpp:110]   --->   Operation 188 'ret' 'ret_ln110' <Predicate = true> <Delay = 0.00>


============================================================
+ Verbose Summary: Timing violations
============================================================
Target clock period: 6.670ns, clock uncertainty: 1.801ns.

 <State 1>: 4.640ns
The critical path consists of the following:
	axis read operation ('empty', ../cfar.cpp:48) on port 'in_stream_V_data_V' (../cfar.cpp:48) [74]  (0.456 ns)
	'add' operation 17 bit ('add_ln76_8', ../cfar.cpp:76) [207]  (2.077 ns)
	'add' operation 18 bit ('add_ln76_9', ../cfar.cpp:76) [209]  (2.107 ns)

 <State 2>: 4.302ns
The critical path consists of the following:
	'add' operation 19 bit ('add_ln76_6', ../cfar.cpp:76) [203]  (2.136 ns)
	'add' operation 20 bit ('add_ln84', ../cfar.cpp:84) [219]  (2.166 ns)

 <State 3>: 4.392ns
The critical path consists of the following:
	'sub' operation 22 bit ('sub_ln84', ../cfar.cpp:84) [222]  (2.255 ns)
	'sub' operation 18 bit ('sub_ln84_1', ../cfar.cpp:84) [224]  (2.136 ns)

 <State 4>: 4.349ns
The critical path consists of the following:
	s_axi read operation ('threshold_alpha_read') on port 'threshold_alpha' [73]  (1.000 ns)
	'mul' operation 24 bit ('mul_ln85', ../cfar.cpp:85) [230]  (3.349 ns)

 <State 5>: 3.349ns
The critical path consists of the following:
	'mul' operation 24 bit ('mul_ln85', ../cfar.cpp:85) [230]  (3.349 ns)

 <State 6>: 4.122ns
The critical path consists of the following:
	'icmp' operation 1 bit ('icmp_ln102', ../cfar.cpp:102) [232]  (2.077 ns)
	'select' operation 16 bit ('output_sample.data', ../cfar.cpp:102) [233]  (0.805 ns)
	axis write operation ('write_ln108', ../cfar.cpp:108) on port 'out_stream_V_data_V' (../cfar.cpp:108) [234]  (0.000 ns)
	blocking operation 1.24 ns on control path)

 <State 7>: 1.240ns
The critical path consists of the following:
	axis write operation ('write_ln108', ../cfar.cpp:108) on port 'out_stream_V_data_V' (../cfar.cpp:108) [234]  (1.240 ns)


============================================================
+ Verbose Summary: Binding
============================================================
N/A
* FSMD analyzer results:
  - Output states:
 - Input state : 
  - Chain level:
	State 1
	State 2
	State 3
	State 4
	State 5
	State 6
	State 7


============================================================
+ Verbose Summary: Datapath Resource usage 
============================================================
N/A
